<html>
<body>
<pre>
<h1>Vision Build Log</h1>
<h2>Project:</h2>
E:\_手表网关\资料\STM32\_STM32L15-C-\软件程序\可参考软件程序\USART\USER\USART.uvproj
Project File Date:  01/07/2014

<h2>Output:</h2>
Rebuild target 'Target 1'
assembling startup_stm32l1xx_md.s...
compiling system_stm32l1xx.c...
compiling stm32l1xx_gpio.c...
..\FWlib\src\stm32l1xx_gpio.c(76): error:  #5: cannot open source input file "stm32l1xx_gpio.h": No such file or directory
compiling stm32l1xx_rcc.c...
..\FWlib\src\stm32l1xx_rcc.c(59): error:  #5: cannot open source input file "stm32l1xx_rcc.h": No such file or directory
compiling stm32l1xx_usart.c...
..\FWlib\src\stm32l1xx_usart.c(79): error:  #5: cannot open source input file "stm32l1xx_usart.h": No such file or directory
compiling main.c...
main.c(10): error:  #5: cannot open source input file "stm32f10x.h": No such file or directory
compiling usart1.c...
usart1.h(4): error:  #5: cannot open source input file "stm32f10x.h": No such file or directory
compiling usart2.c...
usart2.h(4): error:  #5: cannot open source input file "stm32f10x.h": No such file or directory
Target not created
Rebuild target 'USART'
assembling startup_stm32l1xx_md.s...
compiling system_stm32l1xx.c...
compiling stm32l1xx_gpio.c...
..\FWlib\src\stm32l1xx_gpio.c(76): error:  #5: cannot open source input file "stm32l1xx_gpio.h": No such file or directory
compiling stm32l1xx_rcc.c...
..\FWlib\src\stm32l1xx_rcc.c(59): error:  #5: cannot open source input file "stm32l1xx_rcc.h": No such file or directory
compiling stm32l1xx_usart.c...
..\FWlib\src\stm32l1xx_usart.c(79): error:  #5: cannot open source input file "stm32l1xx_usart.h": No such file or directory
compiling main.c...
main.c(10): error:  #5: cannot open source input file "stm32f10x.h": No such file or directory
compiling usart1.c...
usart1.c(19): error:  #20: identifier "vu8" is undefined
usart1.c(20): error:  #20: identifier "vu8" is undefined
usart1.c(21): error:  #20: identifier "vu16" is undefined
usart1.c(32): error:  #20: identifier "GPIO_InitTypeDef" is undefined
usart1.c(33): error:  #20: identifier "USART_InitTypeDef" is undefined
usart1.c(34): error:  #20: identifier "NVIC_InitTypeDef" is undefined
usart1.c(37): warning:  #223-D: function "RCC_APB2PeriphClockCmd" declared implicitly
usart1.c(37): error:  #20: identifier "RCC_APB2Periph_USART1" is undefined
usart1.c(37): error:  #20: identifier "RCC_APB2Periph_GPIOB" is undefined
usart1.c(41): error:  #20: identifier "GPIO_Pin_6" is undefined
usart1.c(42): error:  #20: identifier "GPIO_Mode_AF_PP" is undefined
usart1.c(43): error:  #20: identifier "GPIO_Speed_50MHz" is undefined
usart1.c(44): warning:  #223-D: function "GPIO_Init" declared implicitly
usart1.c(46): error:  #20: identifier "GPIO_Pin_7" is undefined
usart1.c(47): error:  #20: identifier "GPIO_Mode_IN_FLOATING" is undefined
usart1.c(52): error:  #20: identifier "USART_WordLength_8b" is undefined
usart1.c(53): error:  #20: identifier "USART_StopBits_1" is undefined
usart1.c(54): error:  #20: identifier "USART_Parity_No" is undefined
usart1.c(55): error:  #20: identifier "USART_HardwareFlowControl_None" is undefined
usart1.c(56): error:  #20: identifier "USART_Mode_Rx" is undefined
usart1.c(56): error:  #20: identifier "USART_Mode_Tx" is undefined
usart1.c(57): warning:  #223-D: function "USART_Init" declared implicitly
usart1.c(64): warning:  #223-D: function "NVIC_Init" declared implicitly
usart1.c(66): warning:  #223-D: function "USART_ITConfig" declared implicitly
usart1.c(66): error:  #20: identifier "USART_IT_RXNE" is undefined
usart1.c(68): warning:  #223-D: function "USART_Cmd" declared implicitly
usart1.c(70): warning:  #223-D: function "USART_ClearFlag" declared implicitly
usart1.c(70): error:  #20: identifier "USART_FLAG_TC" is undefined
usart1.c(162): warning:  #223-D: function "USART_GetFlagStatus" declared implicitly
usart1.c(162): error:  #20: identifier "USART_FLAG_TC" is undefined
usart1.c(163): warning:  #223-D: function "USART_SendData" declared implicitly
usart1.c(177): error:  #20: identifier "u8" is undefined
usart1.c(179): warning:  #223-D: function "USART_GetITStatus" declared implicitly
usart1.c(179): error:  #20: identifier "USART_IT_RXNE" is undefined
usart1.c(181): warning:  #223-D: function "USART_ReceiveData" declared implicitly
usart1.c(243): warning:  #223-D: function "USART_SendData" declared implicitly
usart1.c(265): warning:  #223-D: function "USART_SendData" declared implicitly
usart1.c(266): warning:  #223-D: function "USART_GetFlagStatus" declared implicitly
usart1.c(266): error:  #20: identifier "USART_FLAG_TC" is undefined
usart1.c(276): warning:  #223-D: function "USART_SendData" declared implicitly
usart1.c(277): warning:  #223-D: function "USART_GetFlagStatus" declared implicitly
usart1.c(277): error:  #20: identifier "USART_FLAG_TC" is undefined
usart1.c(286): warning:  #223-D: function "USART_SendData" declared implicitly
usart1.c(287): warning:  #223-D: function "USART_GetFlagStatus" declared implicitly
usart1.c(287): error:  #20: identifier "USART_FLAG_TC" is undefined
compiling usart2.c...
usart2.c(21): error:  #20: identifier "vu8" is undefined
usart2.c(22): error:  #20: identifier "vu8" is undefined
usart2.c(23): error:  #20: identifier "vu16" is undefined
usart2.c(34): error:  #20: identifier "GPIO_InitTypeDef" is undefined
usart2.c(35): error:  #20: identifier "USART_InitTypeDef" is undefined
usart2.c(36): error:  #20: identifier "NVIC_InitTypeDef" is undefined
usart2.c(39): warning:  #223-D: function "RCC_APB2PeriphClockCmd" declared implicitly
usart2.c(39): error:  #20: identifier "RCC_APB2Periph_GPIOA" is undefined
usart2.c(40): warning:  #223-D: function "RCC_APB1PeriphClockCmd" declared implicitly
usart2.c(40): error:  #20: identifier "RCC_APB1Periph_USART2" is undefined
usart2.c(44): error:  #20: identifier "GPIO_Pin_2" is undefined
usart2.c(45): error:  #20: identifier "GPIO_Mode_AF_PP" is undefined
usart2.c(46): error:  #20: identifier "GPIO_Speed_50MHz" is undefined
usart2.c(47): warning:  #223-D: function "GPIO_Init" declared implicitly
usart2.c(50): error:  #20: identifier "GPIO_Pin_3" is undefined
usart2.c(51): error:  #20: identifier "GPIO_Mode_IN_FLOATING" is undefined
usart2.c(56): error:  #20: identifier "USART_WordLength_8b" is undefined
usart2.c(57): error:  #20: identifier "USART_StopBits_1" is undefined
usart2.c(58): error:  #20: identifier "USART_Parity_No" is undefined
usart2.c(59): error:  #20: identifier "USART_HardwareFlowControl_None" is undefined
usart2.c(60): error:  #20: identifier "USART_Mode_Rx" is undefined
usart2.c(60): error:  #20: identifier "USART_Mode_Tx" is undefined
usart2.c(61): warning:  #223-D: function "USART_Init" declared implicitly
usart2.c(68): warning:  #223-D: function "NVIC_Init" declared implicitly
usart2.c(70): warning:  #223-D: function "USART_ITConfig" declared implicitly
usart2.c(70): error:  #20: identifier "USART_IT_RXNE" is undefined
usart2.c(72): warning:  #223-D: function "USART_Cmd" declared implicitly
usart2.c(74): warning:  #223-D: function "USART_ClearFlag" declared implicitly
usart2.c(74): error:  #20: identifier "USART_FLAG_TC" is undefined
usart2.c(167): warning:  #223-D: function "USART_GetFlagStatus" declared implicitly
usart2.c(167): error:  #20: identifier "USART_FLAG_TC" is undefined
usart2.c(168): warning:  #223-D: function "USART_SendData" declared implicitly
usart2.c(182): error:  #20: identifier "u8" is undefined
usart2.c(184): warning:  #223-D: function "USART_GetITStatus" declared implicitly
usart2.c(184): error:  #20: identifier "USART_IT_RXNE" is undefined
usart2.c(186): warning:  #223-D: function "USART_ReceiveData" declared implicitly
usart2.c(248): warning:  #223-D: function "USART_SendData" declared implicitly
usart2.c(270): warning:  #223-D: function "USART_SendData" declared implicitly
usart2.c(271): warning:  #223-D: function "USART_GetFlagStatus" declared implicitly
usart2.c(271): error:  #20: identifier "USART_FLAG_TC" is undefined
usart2.c(281): warning:  #223-D: function "USART_SendData" declared implicitly
usart2.c(282): warning:  #223-D: function "USART_GetFlagStatus" declared implicitly
usart2.c(282): error:  #20: identifier "USART_FLAG_TC" is undefined
usart2.c(291): warning:  #223-D: function "USART_SendData" declared implicitly
usart2.c(292): warning:  #223-D: function "USART_GetFlagStatus" declared implicitly
usart2.c(292): error:  #20: identifier "USART_FLAG_TC" is undefined
Target not created
Rebuild target 'USART'
assembling startup_stm32l1xx_md.s...
compiling system_stm32l1xx.c...
compiling stm32l1xx_gpio.c...
..\FWlib\src\stm32l1xx_gpio.c(122): warning:  #223-D: function "assert_param" declared implicitly
..\FWlib\src\stm32l1xx_gpio.c(184): warning:  #223-D: function "assert_param" declared implicitly
..\FWlib\src\stm32l1xx_gpio.c(260): warning:  #223-D: function "assert_param" declared implicitly
..\FWlib\src\stm32l1xx_gpio.c(304): warning:  #223-D: function "assert_param" declared implicitly
..\FWlib\src\stm32l1xx_gpio.c(326): warning:  #223-D: function "assert_param" declared implicitly
..\FWlib\src\stm32l1xx_gpio.c(343): warning:  #223-D: function "assert_param" declared implicitly
..\FWlib\src\stm32l1xx_gpio.c(365): warning:  #223-D: function "assert_param" declared implicitly
..\FWlib\src\stm32l1xx_gpio.c(383): warning:  #223-D: function "assert_param" declared implicitly
..\FWlib\src\stm32l1xx_gpio.c(402): warning:  #223-D: function "assert_param" declared implicitly
..\FWlib\src\stm32l1xx_gpio.c(422): warning:  #223-D: function "assert_param" declared implicitly
..\FWlib\src\stm32l1xx_gpio.c(446): warning:  #223-D: function "assert_param" declared implicitly
..\FWlib\src\stm32l1xx_gpio.c(460): warning:  #223-D: function "assert_param" declared implicitly
..\FWlib\src\stm32l1xx_gpio.c(532): warning:  #223-D: function "assert_param" declared implicitly
compiling stm32l1xx_rcc.c...
..\FWlib\src\stm32l1xx_rcc.c(247): warning:  #223-D: function "assert_param" declared implicitly
..\FWlib\src\stm32l1xx_rcc.c(307): warning:  #223-D: function "assert_param" declared implicitly
..\FWlib\src\stm32l1xx_rcc.c(335): warning:  #223-D: function "assert_param" declared implicitly
..\FWlib\src\stm32l1xx_rcc.c(371): warning:  #223-D: function "assert_param" declared implicitly
..\FWlib\src\stm32l1xx_rcc.c(391): warning:  #223-D: function "assert_param" declared implicitly
..\FWlib\src\stm32l1xx_rcc.c(423): warning:  #223-D: function "assert_param" declared implicitly
..\FWlib\src\stm32l1xx_rcc.c(448): warning:  #223-D: function "assert_param" declared implicitly
..\FWlib\src\stm32l1xx_rcc.c(472): warning:  #223-D: function "assert_param" declared implicitly
..\FWlib\src\stm32l1xx_rcc.c(519): warning:  #223-D: function "assert_param" declared implicitly
..\FWlib\src\stm32l1xx_rcc.c(540): warning:  #223-D: function "assert_param" declared implicitly
..\FWlib\src\stm32l1xx_rcc.c(559): warning:  #223-D: function "assert_param" declared implicitly
..\FWlib\src\stm32l1xx_rcc.c(573): warning:  #223-D: function "assert_param" declared implicitly
..\FWlib\src\stm32l1xx_rcc.c(603): warning:  #223-D: function "assert_param" declared implicitly
..\FWlib\src\stm32l1xx_rcc.c(722): warning:  #223-D: function "assert_param" declared implicitly
..\FWlib\src\stm32l1xx_rcc.c(776): warning:  #223-D: function "assert_param" declared implicitly
..\FWlib\src\stm32l1xx_rcc.c(807): warning:  #223-D: function "assert_param" declared implicitly
..\FWlib\src\stm32l1xx_rcc.c(838): warning:  #223-D: function "assert_param" declared implicitly
..\FWlib\src\stm32l1xx_rcc.c(1025): warning:  #223-D: function "assert_param" declared implicitly
..\FWlib\src\stm32l1xx_rcc.c(1059): warning:  #223-D: function "assert_param" declared implicitly
..\FWlib\src\stm32l1xx_rcc.c(1075): warning:  #223-D: function "assert_param" declared implicitly
..\FWlib\src\stm32l1xx_rcc.c(1108): warning:  #223-D: function "assert_param" declared implicitly
..\FWlib\src\stm32l1xx_rcc.c(1143): warning:  #223-D: function "assert_param" declared implicitly
..\FWlib\src\stm32l1xx_rcc.c(1190): warning:  #223-D: function "assert_param" declared implicitly
..\FWlib\src\stm32l1xx_rcc.c(1228): warning:  #223-D: function "assert_param" declared implicitly
..\FWlib\src\stm32l1xx_rcc.c(1260): warning:  #223-D: function "assert_param" declared implicitly
..\FWlib\src\stm32l1xx_rcc.c(1304): warning:  #223-D: function "assert_param" declared implicitly
..\FWlib\src\stm32l1xx_rcc.c(1347): warning:  #223-D: function "assert_param" declared implicitly
..\FWlib\src\stm32l1xx_rcc.c(1383): warning:  #223-D: function "assert_param" declared implicitly
..\FWlib\src\stm32l1xx_rcc.c(1432): warning:  #223-D: function "assert_param" declared implicitly
..\FWlib\src\stm32l1xx_rcc.c(1485): warning:  #223-D: function "assert_param" declared implicitly
..\FWlib\src\stm32l1xx_rcc.c(1527): warning:  #223-D: function "assert_param" declared implicitly
..\FWlib\src\stm32l1xx_rcc.c(1587): warning:  #223-D: function "assert_param" declared implicitly
..\FWlib\src\stm32l1xx_rcc.c(1619): warning:  #223-D: function "assert_param" declared implicitly
compiling stm32l1xx_usart.c...
..\FWlib\src\stm32l1xx_usart.c(176): warning:  #223-D: function "assert_param" declared implicitly
..\FWlib\src\stm32l1xx_usart.c(226): warning:  #223-D: function "assert_param" declared implicitly
..\FWlib\src\stm32l1xx_usart.c(352): warning:  #223-D: function "assert_param" declared implicitly
..\FWlib\src\stm32l1xx_usart.c(400): warning:  #223-D: function "assert_param" declared implicitly
..\FWlib\src\stm32l1xx_usart.c(427): warning:  #223-D: function "assert_param" declared implicitly
..\FWlib\src\stm32l1xx_usart.c(451): warning:  #223-D: function "assert_param" declared implicitly
..\FWlib\src\stm32l1xx_usart.c(478): warning:  #223-D: function "assert_param" declared implicitly
..\FWlib\src\stm32l1xx_usart.c(532): warning:  #223-D: function "assert_param" declared implicitly
..\FWlib\src\stm32l1xx_usart.c(549): warning:  #223-D: function "assert_param" declared implicitly
..\FWlib\src\stm32l1xx_usart.c(601): warning:  #223-D: function "assert_param" declared implicitly
..\FWlib\src\stm32l1xx_usart.c(622): warning:  #223-D: function "assert_param" declared implicitly
..\FWlib\src\stm32l1xx_usart.c(650): warning:  #223-D: function "assert_param" declared implicitly
..\FWlib\src\stm32l1xx_usart.c(715): warning:  #223-D: function "assert_param" declared implicitly
..\FWlib\src\stm32l1xx_usart.c(734): warning:  #223-D: function "assert_param" declared implicitly
..\FWlib\src\stm32l1xx_usart.c(759): warning:  #223-D: function "assert_param" declared implicitly
..\FWlib\src\stm32l1xx_usart.c(808): warning:  #223-D: function "assert_param" declared implicitly
..\FWlib\src\stm32l1xx_usart.c(890): warning:  #223-D: function "assert_param" declared implicitly
..\FWlib\src\stm32l1xx_usart.c(910): warning:  #223-D: function "assert_param" declared implicitly
..\FWlib\src\stm32l1xx_usart.c(936): warning:  #223-D: function "assert_param" declared implicitly
..\FWlib\src\stm32l1xx_usart.c(1008): warning:  #223-D: function "assert_param" declared implicitly
..\FWlib\src\stm32l1xx_usart.c(1027): warning:  #223-D: function "assert_param" declared implicitly
..\FWlib\src\stm32l1xx_usart.c(1074): warning:  #223-D: function "assert_param" declared implicitly
..\FWlib\src\stm32l1xx_usart.c(1205): warning:  #223-D: function "assert_param" declared implicitly
..\FWlib\src\stm32l1xx_usart.c(1269): warning:  #223-D: function "assert_param" declared implicitly
..\FWlib\src\stm32l1xx_usart.c(1318): warning:  #223-D: function "assert_param" declared implicitly
..\FWlib\src\stm32l1xx_usart.c(1355): warning:  #223-D: function "assert_param" declared implicitly
..\FWlib\src\stm32l1xx_usart.c(1429): warning:  #223-D: function "assert_param" declared implicitly
compiling main.c...
main.c(10): error:  #5: cannot open source input file "stm32f10x.h": No such file or directory
compiling usart1.c...
usart1.c(19): error:  #20: identifier "vu8" is undefined
usart1.c(20): error:  #20: identifier "vu8" is undefined
usart1.c(21): error:  #20: identifier "vu16" is undefined
usart1.c(32): error:  #20: identifier "GPIO_InitTypeDef" is undefined
usart1.c(33): error:  #20: identifier "USART_InitTypeDef" is undefined
usart1.c(34): error:  #20: identifier "NVIC_InitTypeDef" is undefined
usart1.c(37): warning:  #223-D: function "RCC_APB2PeriphClockCmd" declared implicitly
usart1.c(37): error:  #20: identifier "RCC_APB2Periph_USART1" is undefined
usart1.c(37): error:  #20: identifier "RCC_APB2Periph_GPIOB" is undefined
usart1.c(41): error:  #20: identifier "GPIO_Pin_6" is undefined
usart1.c(42): error:  #20: identifier "GPIO_Mode_AF_PP" is undefined
usart1.c(43): error:  #20: identifier "GPIO_Speed_50MHz" is undefined
usart1.c(44): warning:  #223-D: function "GPIO_Init" declared implicitly
usart1.c(46): error:  #20: identifier "GPIO_Pin_7" is undefined
usart1.c(47): error:  #20: identifier "GPIO_Mode_IN_FLOATING" is undefined
usart1.c(52): error:  #20: identifier "USART_WordLength_8b" is undefined
usart1.c(53): error:  #20: identifier "USART_StopBits_1" is undefined
usart1.c(54): error:  #20: identifier "USART_Parity_No" is undefined
usart1.c(55): error:  #20: identifier "USART_HardwareFlowControl_None" is undefined
usart1.c(56): error:  #20: identifier "USART_Mode_Rx" is undefined
usart1.c(56): error:  #20: identifier "USART_Mode_Tx" is undefined
usart1.c(57): warning:  #223-D: function "USART_Init" declared implicitly
usart1.c(64): warning:  #223-D: function "NVIC_Init" declared implicitly
usart1.c(66): warning:  #223-D: function "USART_ITConfig" declared implicitly
usart1.c(66): error:  #20: identifier "USART_IT_RXNE" is undefined
usart1.c(68): warning:  #223-D: function "USART_Cmd" declared implicitly
usart1.c(70): warning:  #223-D: function "USART_ClearFlag" declared implicitly
usart1.c(70): error:  #20: identifier "USART_FLAG_TC" is undefined
usart1.c(162): warning:  #223-D: function "USART_GetFlagStatus" declared implicitly
usart1.c(162): error:  #20: identifier "USART_FLAG_TC" is undefined
usart1.c(163): warning:  #223-D: function "USART_SendData" declared implicitly
usart1.c(177): error:  #20: identifier "u8" is undefined
usart1.c(179): warning:  #223-D: function "USART_GetITStatus" declared implicitly
usart1.c(179): error:  #20: identifier "USART_IT_RXNE" is undefined
usart1.c(181): warning:  #223-D: function "USART_ReceiveData" declared implicitly
usart1.c(243): warning:  #223-D: function "USART_SendData" declared implicitly
usart1.c(265): warning:  #223-D: function "USART_SendData" declared implicitly
usart1.c(266): warning:  #223-D: function "USART_GetFlagStatus" declared implicitly
usart1.c(266): error:  #20: identifier "USART_FLAG_TC" is undefined
usart1.c(276): warning:  #223-D: function "USART_SendData" declared implicitly
usart1.c(277): warning:  #223-D: function "USART_GetFlagStatus" declared implicitly
usart1.c(277): error:  #20: identifier "USART_FLAG_TC" is undefined
usart1.c(286): warning:  #223-D: function "USART_SendData" declared implicitly
usart1.c(287): warning:  #223-D: function "USART_GetFlagStatus" declared implicitly
usart1.c(287): error:  #20: identifier "USART_FLAG_TC" is undefined
compiling usart2.c...
usart2.c(21): error:  #20: identifier "vu8" is undefined
usart2.c(22): error:  #20: identifier "vu8" is undefined
usart2.c(23): error:  #20: identifier "vu16" is undefined
usart2.c(34): error:  #20: identifier "GPIO_InitTypeDef" is undefined
usart2.c(35): error:  #20: identifier "USART_InitTypeDef" is undefined
usart2.c(36): error:  #20: identifier "NVIC_InitTypeDef" is undefined
usart2.c(39): warning:  #223-D: function "RCC_APB2PeriphClockCmd" declared implicitly
usart2.c(39): error:  #20: identifier "RCC_APB2Periph_GPIOA" is undefined
usart2.c(40): warning:  #223-D: function "RCC_APB1PeriphClockCmd" declared implicitly
usart2.c(40): error:  #20: identifier "RCC_APB1Periph_USART2" is undefined
usart2.c(44): error:  #20: identifier "GPIO_Pin_2" is undefined
usart2.c(45): error:  #20: identifier "GPIO_Mode_AF_PP" is undefined
usart2.c(46): error:  #20: identifier "GPIO_Speed_50MHz" is undefined
usart2.c(47): warning:  #223-D: function "GPIO_Init" declared implicitly
usart2.c(50): error:  #20: identifier "GPIO_Pin_3" is undefined
usart2.c(51): error:  #20: identifier "GPIO_Mode_IN_FLOATING" is undefined
usart2.c(56): error:  #20: identifier "USART_WordLength_8b" is undefined
usart2.c(57): error:  #20: identifier "USART_StopBits_1" is undefined
usart2.c(58): error:  #20: identifier "USART_Parity_No" is undefined
usart2.c(59): error:  #20: identifier "USART_HardwareFlowControl_None" is undefined
usart2.c(60): error:  #20: identifier "USART_Mode_Rx" is undefined
usart2.c(60): error:  #20: identifier "USART_Mode_Tx" is undefined
usart2.c(61): warning:  #223-D: function "USART_Init" declared implicitly
usart2.c(68): warning:  #223-D: function "NVIC_Init" declared implicitly
usart2.c(70): warning:  #223-D: function "USART_ITConfig" declared implicitly
usart2.c(70): error:  #20: identifier "USART_IT_RXNE" is undefined
usart2.c(72): warning:  #223-D: function "USART_Cmd" declared implicitly
usart2.c(74): warning:  #223-D: function "USART_ClearFlag" declared implicitly
usart2.c(74): error:  #20: identifier "USART_FLAG_TC" is undefined
usart2.c(167): warning:  #223-D: function "USART_GetFlagStatus" declared implicitly
usart2.c(167): error:  #20: identifier "USART_FLAG_TC" is undefined
usart2.c(168): warning:  #223-D: function "USART_SendData" declared implicitly
usart2.c(182): error:  #20: identifier "u8" is undefined
usart2.c(184): warning:  #223-D: function "USART_GetITStatus" declared implicitly
usart2.c(184): error:  #20: identifier "USART_IT_RXNE" is undefined
usart2.c(186): warning:  #223-D: function "USART_ReceiveData" declared implicitly
usart2.c(248): warning:  #223-D: function "USART_SendData" declared implicitly
usart2.c(270): warning:  #223-D: function "USART_SendData" declared implicitly
usart2.c(271): warning:  #223-D: function "USART_GetFlagStatus" declared implicitly
usart2.c(271): error:  #20: identifier "USART_FLAG_TC" is undefined
usart2.c(281): warning:  #223-D: function "USART_SendData" declared implicitly
usart2.c(282): warning:  #223-D: function "USART_GetFlagStatus" declared implicitly
usart2.c(282): error:  #20: identifier "USART_FLAG_TC" is undefined
usart2.c(291): warning:  #223-D: function "USART_SendData" declared implicitly
usart2.c(292): warning:  #223-D: function "USART_GetFlagStatus" declared implicitly
usart2.c(292): error:  #20: identifier "USART_FLAG_TC" is undefined
Target not created
Rebuild target 'USART'
assembling startup_stm32l1xx_md.s...
compiling system_stm32l1xx.c...
compiling stm32l1xx_gpio.c...
..\FWlib\src\stm32l1xx_gpio.c(122): warning:  #223-D: function "assert_param" declared implicitly
..\FWlib\src\stm32l1xx_gpio.c(184): warning:  #223-D: function "assert_param" declared implicitly
..\FWlib\src\stm32l1xx_gpio.c(260): warning:  #223-D: function "assert_param" declared implicitly
..\FWlib\src\stm32l1xx_gpio.c(304): warning:  #223-D: function "assert_param" declared implicitly
..\FWlib\src\stm32l1xx_gpio.c(326): warning:  #223-D: function "assert_param" declared implicitly
..\FWlib\src\stm32l1xx_gpio.c(343): warning:  #223-D: function "assert_param" declared implicitly
..\FWlib\src\stm32l1xx_gpio.c(365): warning:  #223-D: function "assert_param" declared implicitly
..\FWlib\src\stm32l1xx_gpio.c(383): warning:  #223-D: function "assert_param" declared implicitly
..\FWlib\src\stm32l1xx_gpio.c(402): warning:  #223-D: function "assert_param" declared implicitly
..\FWlib\src\stm32l1xx_gpio.c(422): warning:  #223-D: function "assert_param" declared implicitly
..\FWlib\src\stm32l1xx_gpio.c(446): warning:  #223-D: function "assert_param" declared implicitly
..\FWlib\src\stm32l1xx_gpio.c(460): warning:  #223-D: function "assert_param" declared implicitly
..\FWlib\src\stm32l1xx_gpio.c(532): warning:  #223-D: function "assert_param" declared implicitly
compiling stm32l1xx_rcc.c...
..\FWlib\src\stm32l1xx_rcc.c(247): warning:  #223-D: function "assert_param" declared implicitly
..\FWlib\src\stm32l1xx_rcc.c(307): warning:  #223-D: function "assert_param" declared implicitly
..\FWlib\src\stm32l1xx_rcc.c(335): warning:  #223-D: function "assert_param" declared implicitly
..\FWlib\src\stm32l1xx_rcc.c(371): warning:  #223-D: function "assert_param" declared implicitly
..\FWlib\src\stm32l1xx_rcc.c(391): warning:  #223-D: function "assert_param" declared implicitly
..\FWlib\src\stm32l1xx_rcc.c(423): warning:  #223-D: function "assert_param" declared implicitly
..\FWlib\src\stm32l1xx_rcc.c(448): warning:  #223-D: function "assert_param" declared implicitly
..\FWlib\src\stm32l1xx_rcc.c(472): warning:  #223-D: function "assert_param" declared implicitly
..\FWlib\src\stm32l1xx_rcc.c(519): warning:  #223-D: function "assert_param" declared implicitly
..\FWlib\src\stm32l1xx_rcc.c(540): warning:  #223-D: function "assert_param" declared implicitly
..\FWlib\src\stm32l1xx_rcc.c(559): warning:  #223-D: function "assert_param" declared implicitly
..\FWlib\src\stm32l1xx_rcc.c(573): warning:  #223-D: function "assert_param" declared implicitly
..\FWlib\src\stm32l1xx_rcc.c(603): warning:  #223-D: function "assert_param" declared implicitly
..\FWlib\src\stm32l1xx_rcc.c(722): warning:  #223-D: function "assert_param" declared implicitly
..\FWlib\src\stm32l1xx_rcc.c(776): warning:  #223-D: function "assert_param" declared implicitly
..\FWlib\src\stm32l1xx_rcc.c(807): warning:  #223-D: function "assert_param" declared implicitly
..\FWlib\src\stm32l1xx_rcc.c(838): warning:  #223-D: function "assert_param" declared implicitly
..\FWlib\src\stm32l1xx_rcc.c(1025): warning:  #223-D: function "assert_param" declared implicitly
..\FWlib\src\stm32l1xx_rcc.c(1059): warning:  #223-D: function "assert_param" declared implicitly
..\FWlib\src\stm32l1xx_rcc.c(1075): warning:  #223-D: function "assert_param" declared implicitly
..\FWlib\src\stm32l1xx_rcc.c(1108): warning:  #223-D: function "assert_param" declared implicitly
..\FWlib\src\stm32l1xx_rcc.c(1143): warning:  #223-D: function "assert_param" declared implicitly
..\FWlib\src\stm32l1xx_rcc.c(1190): warning:  #223-D: function "assert_param" declared implicitly
..\FWlib\src\stm32l1xx_rcc.c(1228): warning:  #223-D: function "assert_param" declared implicitly
..\FWlib\src\stm32l1xx_rcc.c(1260): warning:  #223-D: function "assert_param" declared implicitly
..\FWlib\src\stm32l1xx_rcc.c(1304): warning:  #223-D: function "assert_param" declared implicitly
..\FWlib\src\stm32l1xx_rcc.c(1347): warning:  #223-D: function "assert_param" declared implicitly
..\FWlib\src\stm32l1xx_rcc.c(1383): warning:  #223-D: function "assert_param" declared implicitly
..\FWlib\src\stm32l1xx_rcc.c(1432): warning:  #223-D: function "assert_param" declared implicitly
..\FWlib\src\stm32l1xx_rcc.c(1485): warning:  #223-D: function "assert_param" declared implicitly
..\FWlib\src\stm32l1xx_rcc.c(1527): warning:  #223-D: function "assert_param" declared implicitly
..\FWlib\src\stm32l1xx_rcc.c(1587): warning:  #223-D: function "assert_param" declared implicitly
..\FWlib\src\stm32l1xx_rcc.c(1619): warning:  #223-D: function "assert_param" declared implicitly
compiling stm32l1xx_usart.c...
..\FWlib\src\stm32l1xx_usart.c(176): warning:  #223-D: function "assert_param" declared implicitly
..\FWlib\src\stm32l1xx_usart.c(226): warning:  #223-D: function "assert_param" declared implicitly
..\FWlib\src\stm32l1xx_usart.c(352): warning:  #223-D: function "assert_param" declared implicitly
..\FWlib\src\stm32l1xx_usart.c(400): warning:  #223-D: function "assert_param" declared implicitly
..\FWlib\src\stm32l1xx_usart.c(427): warning:  #223-D: function "assert_param" declared implicitly
..\FWlib\src\stm32l1xx_usart.c(451): warning:  #223-D: function "assert_param" declared implicitly
..\FWlib\src\stm32l1xx_usart.c(478): warning:  #223-D: function "assert_param" declared implicitly
..\FWlib\src\stm32l1xx_usart.c(532): warning:  #223-D: function "assert_param" declared implicitly
..\FWlib\src\stm32l1xx_usart.c(549): warning:  #223-D: function "assert_param" declared implicitly
..\FWlib\src\stm32l1xx_usart.c(601): warning:  #223-D: function "assert_param" declared implicitly
..\FWlib\src\stm32l1xx_usart.c(622): warning:  #223-D: function "assert_param" declared implicitly
..\FWlib\src\stm32l1xx_usart.c(650): warning:  #223-D: function "assert_param" declared implicitly
..\FWlib\src\stm32l1xx_usart.c(715): warning:  #223-D: function "assert_param" declared implicitly
..\FWlib\src\stm32l1xx_usart.c(734): warning:  #223-D: function "assert_param" declared implicitly
..\FWlib\src\stm32l1xx_usart.c(759): warning:  #223-D: function "assert_param" declared implicitly
..\FWlib\src\stm32l1xx_usart.c(808): warning:  #223-D: function "assert_param" declared implicitly
..\FWlib\src\stm32l1xx_usart.c(890): warning:  #223-D: function "assert_param" declared implicitly
..\FWlib\src\stm32l1xx_usart.c(910): warning:  #223-D: function "assert_param" declared implicitly
..\FWlib\src\stm32l1xx_usart.c(936): warning:  #223-D: function "assert_param" declared implicitly
..\FWlib\src\stm32l1xx_usart.c(1008): warning:  #223-D: function "assert_param" declared implicitly
..\FWlib\src\stm32l1xx_usart.c(1027): warning:  #223-D: function "assert_param" declared implicitly
..\FWlib\src\stm32l1xx_usart.c(1074): warning:  #223-D: function "assert_param" declared implicitly
..\FWlib\src\stm32l1xx_usart.c(1205): warning:  #223-D: function "assert_param" declared implicitly
..\FWlib\src\stm32l1xx_usart.c(1269): warning:  #223-D: function "assert_param" declared implicitly
..\FWlib\src\stm32l1xx_usart.c(1318): warning:  #223-D: function "assert_param" declared implicitly
..\FWlib\src\stm32l1xx_usart.c(1355): warning:  #223-D: function "assert_param" declared implicitly
..\FWlib\src\stm32l1xx_usart.c(1429): warning:  #223-D: function "assert_param" declared implicitly
compiling main.c...
main.c(14): error:  #20: identifier "vu8" is undefined
main.c(15): error:  #20: identifier "vu8" is undefined
main.c(16): error:  #20: identifier "vu16" is undefined
main.c(18): error:  #20: identifier "vu8" is undefined
main.c(19): error:  #20: identifier "vu8" is undefined
main.c(20): error:  #20: identifier "vu16" is undefined
main.c(33): error:  #20: identifier "u8" is undefined
compiling usart1.c...
usart1.c(19): error:  #20: identifier "vu8" is undefined
usart1.c(20): error:  #20: identifier "vu8" is undefined
usart1.c(21): error:  #20: identifier "vu16" is undefined
usart1.c(32): error:  #20: identifier "GPIO_InitTypeDef" is undefined
usart1.c(33): error:  #20: identifier "USART_InitTypeDef" is undefined
usart1.c(34): error:  #20: identifier "NVIC_InitTypeDef" is undefined
usart1.c(37): warning:  #223-D: function "RCC_APB2PeriphClockCmd" declared implicitly
usart1.c(37): error:  #20: identifier "RCC_APB2Periph_USART1" is undefined
usart1.c(37): error:  #20: identifier "RCC_APB2Periph_GPIOB" is undefined
usart1.c(41): error:  #20: identifier "GPIO_Pin_6" is undefined
usart1.c(42): error:  #20: identifier "GPIO_Mode_AF_PP" is undefined
usart1.c(43): error:  #20: identifier "GPIO_Speed_50MHz" is undefined
usart1.c(44): warning:  #223-D: function "GPIO_Init" declared implicitly
usart1.c(46): error:  #20: identifier "GPIO_Pin_7" is undefined
usart1.c(47): error:  #20: identifier "GPIO_Mode_IN_FLOATING" is undefined
usart1.c(52): error:  #20: identifier "USART_WordLength_8b" is undefined
usart1.c(53): error:  #20: identifier "USART_StopBits_1" is undefined
usart1.c(54): error:  #20: identifier "USART_Parity_No" is undefined
usart1.c(55): error:  #20: identifier "USART_HardwareFlowControl_None" is undefined
usart1.c(56): error:  #20: identifier "USART_Mode_Rx" is undefined
usart1.c(56): error:  #20: identifier "USART_Mode_Tx" is undefined
usart1.c(57): warning:  #223-D: function "USART_Init" declared implicitly
usart1.c(64): warning:  #223-D: function "NVIC_Init" declared implicitly
usart1.c(66): warning:  #223-D: function "USART_ITConfig" declared implicitly
usart1.c(66): error:  #20: identifier "USART_IT_RXNE" is undefined
usart1.c(68): warning:  #223-D: function "USART_Cmd" declared implicitly
usart1.c(70): warning:  #223-D: function "USART_ClearFlag" declared implicitly
usart1.c(70): error:  #20: identifier "USART_FLAG_TC" is undefined
usart1.c(162): warning:  #223-D: function "USART_GetFlagStatus" declared implicitly
usart1.c(162): error:  #20: identifier "USART_FLAG_TC" is undefined
usart1.c(163): warning:  #223-D: function "USART_SendData" declared implicitly
usart1.c(177): error:  #20: identifier "u8" is undefined
usart1.c(179): warning:  #223-D: function "USART_GetITStatus" declared implicitly
usart1.c(179): error:  #20: identifier "USART_IT_RXNE" is undefined
usart1.c(181): warning:  #223-D: function "USART_ReceiveData" declared implicitly
usart1.c(243): warning:  #223-D: function "USART_SendData" declared implicitly
usart1.c(265): warning:  #223-D: function "USART_SendData" declared implicitly
usart1.c(266): warning:  #223-D: function "USART_GetFlagStatus" declared implicitly
usart1.c(266): error:  #20: identifier "USART_FLAG_TC" is undefined
usart1.c(276): warning:  #223-D: function "USART_SendData" declared implicitly
usart1.c(277): warning:  #223-D: function "USART_GetFlagStatus" declared implicitly
usart1.c(277): error:  #20: identifier "USART_FLAG_TC" is undefined
usart1.c(286): warning:  #223-D: function "USART_SendData" declared implicitly
usart1.c(287): warning:  #223-D: function "USART_GetFlagStatus" declared implicitly
usart1.c(287): error:  #20: identifier "USART_FLAG_TC" is undefined
compiling usart2.c...
usart2.c(21): error:  #20: identifier "vu8" is undefined
usart2.c(22): error:  #20: identifier "vu8" is undefined
usart2.c(23): error:  #20: identifier "vu16" is undefined
usart2.c(34): error:  #20: identifier "GPIO_InitTypeDef" is undefined
usart2.c(35): error:  #20: identifier "USART_InitTypeDef" is undefined
usart2.c(36): error:  #20: identifier "NVIC_InitTypeDef" is undefined
usart2.c(39): warning:  #223-D: function "RCC_APB2PeriphClockCmd" declared implicitly
usart2.c(39): error:  #20: identifier "RCC_APB2Periph_GPIOA" is undefined
usart2.c(40): warning:  #223-D: function "RCC_APB1PeriphClockCmd" declared implicitly
usart2.c(40): error:  #20: identifier "RCC_APB1Periph_USART2" is undefined
usart2.c(44): error:  #20: identifier "GPIO_Pin_2" is undefined
usart2.c(45): error:  #20: identifier "GPIO_Mode_AF_PP" is undefined
usart2.c(46): error:  #20: identifier "GPIO_Speed_50MHz" is undefined
usart2.c(47): warning:  #223-D: function "GPIO_Init" declared implicitly
usart2.c(50): error:  #20: identifier "GPIO_Pin_3" is undefined
usart2.c(51): error:  #20: identifier "GPIO_Mode_IN_FLOATING" is undefined
usart2.c(56): error:  #20: identifier "USART_WordLength_8b" is undefined
usart2.c(57): error:  #20: identifier "USART_StopBits_1" is undefined
usart2.c(58): error:  #20: identifier "USART_Parity_No" is undefined
usart2.c(59): error:  #20: identifier "USART_HardwareFlowControl_None" is undefined
usart2.c(60): error:  #20: identifier "USART_Mode_Rx" is undefined
usart2.c(60): error:  #20: identifier "USART_Mode_Tx" is undefined
usart2.c(61): warning:  #223-D: function "USART_Init" declared implicitly
usart2.c(68): warning:  #223-D: function "NVIC_Init" declared implicitly
usart2.c(70): warning:  #223-D: function "USART_ITConfig" declared implicitly
usart2.c(70): error:  #20: identifier "USART_IT_RXNE" is undefined
usart2.c(72): warning:  #223-D: function "USART_Cmd" declared implicitly
usart2.c(74): warning:  #223-D: function "USART_ClearFlag" declared implicitly
usart2.c(74): error:  #20: identifier "USART_FLAG_TC" is undefined
usart2.c(167): warning:  #223-D: function "USART_GetFlagStatus" declared implicitly
usart2.c(167): error:  #20: identifier "USART_FLAG_TC" is undefined
usart2.c(168): warning:  #223-D: function "USART_SendData" declared implicitly
usart2.c(182): error:  #20: identifier "u8" is undefined
usart2.c(184): warning:  #223-D: function "USART_GetITStatus" declared implicitly
usart2.c(184): error:  #20: identifier "USART_IT_RXNE" is undefined
usart2.c(186): warning:  #223-D: function "USART_ReceiveData" declared implicitly
usart2.c(248): warning:  #223-D: function "USART_SendData" declared implicitly
usart2.c(270): warning:  #223-D: function "USART_SendData" declared implicitly
usart2.c(271): warning:  #223-D: function "USART_GetFlagStatus" declared implicitly
usart2.c(271): error:  #20: identifier "USART_FLAG_TC" is undefined
usart2.c(281): warning:  #223-D: function "USART_SendData" declared implicitly
usart2.c(282): warning:  #223-D: function "USART_GetFlagStatus" declared implicitly
usart2.c(282): error:  #20: identifier "USART_FLAG_TC" is undefined
usart2.c(291): warning:  #223-D: function "USART_SendData" declared implicitly
usart2.c(292): warning:  #223-D: function "USART_GetFlagStatus" declared implicitly
usart2.c(292): error:  #20: identifier "USART_FLAG_TC" is undefined
Target not created
Rebuild target 'USART'
assembling startup_stm32l1xx_md.s...
compiling system_stm32l1xx.c...
compiling stm32l1xx_gpio.c...
..\FWlib\src\stm32l1xx_gpio.c(122): warning:  #223-D: function "assert_param" declared implicitly
..\FWlib\src\stm32l1xx_gpio.c(184): warning:  #223-D: function "assert_param" declared implicitly
..\FWlib\src\stm32l1xx_gpio.c(260): warning:  #223-D: function "assert_param" declared implicitly
..\FWlib\src\stm32l1xx_gpio.c(304): warning:  #223-D: function "assert_param" declared implicitly
..\FWlib\src\stm32l1xx_gpio.c(326): warning:  #223-D: function "assert_param" declared implicitly
..\FWlib\src\stm32l1xx_gpio.c(343): warning:  #223-D: function "assert_param" declared implicitly
..\FWlib\src\stm32l1xx_gpio.c(365): warning:  #223-D: function "assert_param" declared implicitly
..\FWlib\src\stm32l1xx_gpio.c(383): warning:  #223-D: function "assert_param" declared implicitly
..\FWlib\src\stm32l1xx_gpio.c(402): warning:  #223-D: function "assert_param" declared implicitly
..\FWlib\src\stm32l1xx_gpio.c(422): warning:  #223-D: function "assert_param" declared implicitly
..\FWlib\src\stm32l1xx_gpio.c(446): warning:  #223-D: function "assert_param" declared implicitly
..\FWlib\src\stm32l1xx_gpio.c(460): warning:  #223-D: function "assert_param" declared implicitly
..\FWlib\src\stm32l1xx_gpio.c(532): warning:  #223-D: function "assert_param" declared implicitly
compiling stm32l1xx_rcc.c...
..\FWlib\src\stm32l1xx_rcc.c(247): warning:  #223-D: function "assert_param" declared implicitly
..\FWlib\src\stm32l1xx_rcc.c(307): warning:  #223-D: function "assert_param" declared implicitly
..\FWlib\src\stm32l1xx_rcc.c(335): warning:  #223-D: function "assert_param" declared implicitly
..\FWlib\src\stm32l1xx_rcc.c(371): warning:  #223-D: function "assert_param" declared implicitly
..\FWlib\src\stm32l1xx_rcc.c(391): warning:  #223-D: function "assert_param" declared implicitly
..\FWlib\src\stm32l1xx_rcc.c(423): warning:  #223-D: function "assert_param" declared implicitly
..\FWlib\src\stm32l1xx_rcc.c(448): warning:  #223-D: function "assert_param" declared implicitly
..\FWlib\src\stm32l1xx_rcc.c(472): warning:  #223-D: function "assert_param" declared implicitly
..\FWlib\src\stm32l1xx_rcc.c(519): warning:  #223-D: function "assert_param" declared implicitly
..\FWlib\src\stm32l1xx_rcc.c(540): warning:  #223-D: function "assert_param" declared implicitly
..\FWlib\src\stm32l1xx_rcc.c(559): warning:  #223-D: function "assert_param" declared implicitly
..\FWlib\src\stm32l1xx_rcc.c(573): warning:  #223-D: function "assert_param" declared implicitly
..\FWlib\src\stm32l1xx_rcc.c(603): warning:  #223-D: function "assert_param" declared implicitly
..\FWlib\src\stm32l1xx_rcc.c(722): warning:  #223-D: function "assert_param" declared implicitly
..\FWlib\src\stm32l1xx_rcc.c(776): warning:  #223-D: function "assert_param" declared implicitly
..\FWlib\src\stm32l1xx_rcc.c(807): warning:  #223-D: function "assert_param" declared implicitly
..\FWlib\src\stm32l1xx_rcc.c(838): warning:  #223-D: function "assert_param" declared implicitly
..\FWlib\src\stm32l1xx_rcc.c(1025): warning:  #223-D: function "assert_param" declared implicitly
..\FWlib\src\stm32l1xx_rcc.c(1059): warning:  #223-D: function "assert_param" declared implicitly
..\FWlib\src\stm32l1xx_rcc.c(1075): warning:  #223-D: function "assert_param" declared implicitly
..\FWlib\src\stm32l1xx_rcc.c(1108): warning:  #223-D: function "assert_param" declared implicitly
..\FWlib\src\stm32l1xx_rcc.c(1143): warning:  #223-D: function "assert_param" declared implicitly
..\FWlib\src\stm32l1xx_rcc.c(1190): warning:  #223-D: function "assert_param" declared implicitly
..\FWlib\src\stm32l1xx_rcc.c(1228): warning:  #223-D: function "assert_param" declared implicitly
..\FWlib\src\stm32l1xx_rcc.c(1260): warning:  #223-D: function "assert_param" declared implicitly
..\FWlib\src\stm32l1xx_rcc.c(1304): warning:  #223-D: function "assert_param" declared implicitly
..\FWlib\src\stm32l1xx_rcc.c(1347): warning:  #223-D: function "assert_param" declared implicitly
..\FWlib\src\stm32l1xx_rcc.c(1383): warning:  #223-D: function "assert_param" declared implicitly
..\FWlib\src\stm32l1xx_rcc.c(1432): warning:  #223-D: function "assert_param" declared implicitly
..\FWlib\src\stm32l1xx_rcc.c(1485): warning:  #223-D: function "assert_param" declared implicitly
..\FWlib\src\stm32l1xx_rcc.c(1527): warning:  #223-D: function "assert_param" declared implicitly
..\FWlib\src\stm32l1xx_rcc.c(1587): warning:  #223-D: function "assert_param" declared implicitly
..\FWlib\src\stm32l1xx_rcc.c(1619): warning:  #223-D: function "assert_param" declared implicitly
compiling stm32l1xx_usart.c...
..\FWlib\src\stm32l1xx_usart.c(176): warning:  #223-D: function "assert_param" declared implicitly
..\FWlib\src\stm32l1xx_usart.c(226): warning:  #223-D: function "assert_param" declared implicitly
..\FWlib\src\stm32l1xx_usart.c(352): warning:  #223-D: function "assert_param" declared implicitly
..\FWlib\src\stm32l1xx_usart.c(400): warning:  #223-D: function "assert_param" declared implicitly
..\FWlib\src\stm32l1xx_usart.c(427): warning:  #223-D: function "assert_param" declared implicitly
..\FWlib\src\stm32l1xx_usart.c(451): warning:  #223-D: function "assert_param" declared implicitly
..\FWlib\src\stm32l1xx_usart.c(478): warning:  #223-D: function "assert_param" declared implicitly
..\FWlib\src\stm32l1xx_usart.c(532): warning:  #223-D: function "assert_param" declared implicitly
..\FWlib\src\stm32l1xx_usart.c(549): warning:  #223-D: function "assert_param" declared implicitly
..\FWlib\src\stm32l1xx_usart.c(601): warning:  #223-D: function "assert_param" declared implicitly
..\FWlib\src\stm32l1xx_usart.c(622): warning:  #223-D: function "assert_param" declared implicitly
..\FWlib\src\stm32l1xx_usart.c(650): warning:  #223-D: function "assert_param" declared implicitly
..\FWlib\src\stm32l1xx_usart.c(715): warning:  #223-D: function "assert_param" declared implicitly
..\FWlib\src\stm32l1xx_usart.c(734): warning:  #223-D: function "assert_param" declared implicitly
..\FWlib\src\stm32l1xx_usart.c(759): warning:  #223-D: function "assert_param" declared implicitly
..\FWlib\src\stm32l1xx_usart.c(808): warning:  #223-D: function "assert_param" declared implicitly
..\FWlib\src\stm32l1xx_usart.c(890): warning:  #223-D: function "assert_param" declared implicitly
..\FWlib\src\stm32l1xx_usart.c(910): warning:  #223-D: function "assert_param" declared implicitly
..\FWlib\src\stm32l1xx_usart.c(936): warning:  #223-D: function "assert_param" declared implicitly
..\FWlib\src\stm32l1xx_usart.c(1008): warning:  #223-D: function "assert_param" declared implicitly
..\FWlib\src\stm32l1xx_usart.c(1027): warning:  #223-D: function "assert_param" declared implicitly
..\FWlib\src\stm32l1xx_usart.c(1074): warning:  #223-D: function "assert_param" declared implicitly
..\FWlib\src\stm32l1xx_usart.c(1205): warning:  #223-D: function "assert_param" declared implicitly
..\FWlib\src\stm32l1xx_usart.c(1269): warning:  #223-D: function "assert_param" declared implicitly
..\FWlib\src\stm32l1xx_usart.c(1318): warning:  #223-D: function "assert_param" declared implicitly
..\FWlib\src\stm32l1xx_usart.c(1355): warning:  #223-D: function "assert_param" declared implicitly
..\FWlib\src\stm32l1xx_usart.c(1429): warning:  #223-D: function "assert_param" declared implicitly
compiling main.c...
main.c(14): error:  #20: identifier "vu8" is undefined
main.c(15): error:  #20: identifier "vu8" is undefined
main.c(16): error:  #20: identifier "vu16" is undefined
main.c(18): error:  #20: identifier "vu8" is undefined
main.c(19): error:  #20: identifier "vu8" is undefined
main.c(20): error:  #20: identifier "vu16" is undefined
main.c(33): error:  #20: identifier "u8" is undefined
compiling usart1.c...
usart1.c(19): error:  #20: identifier "vu8" is undefined
usart1.c(20): error:  #20: identifier "vu8" is undefined
usart1.c(21): error:  #20: identifier "vu16" is undefined
usart1.c(32): error:  #20: identifier "GPIO_InitTypeDef" is undefined
usart1.c(33): error:  #20: identifier "USART_InitTypeDef" is undefined
usart1.c(34): error:  #20: identifier "NVIC_InitTypeDef" is undefined
usart1.c(37): warning:  #223-D: function "RCC_APB2PeriphClockCmd" declared implicitly
usart1.c(37): error:  #20: identifier "RCC_APB2Periph_USART1" is undefined
usart1.c(37): error:  #20: identifier "RCC_APB2Periph_GPIOB" is undefined
usart1.c(41): error:  #20: identifier "GPIO_Pin_6" is undefined
usart1.c(42): error:  #20: identifier "GPIO_Mode_AF_PP" is undefined
usart1.c(43): error:  #20: identifier "GPIO_Speed_50MHz" is undefined
usart1.c(44): warning:  #223-D: function "GPIO_Init" declared implicitly
usart1.c(46): error:  #20: identifier "GPIO_Pin_7" is undefined
usart1.c(47): error:  #20: identifier "GPIO_Mode_IN_FLOATING" is undefined
usart1.c(52): error:  #20: identifier "USART_WordLength_8b" is undefined
usart1.c(53): error:  #20: identifier "USART_StopBits_1" is undefined
usart1.c(54): error:  #20: identifier "USART_Parity_No" is undefined
usart1.c(55): error:  #20: identifier "USART_HardwareFlowControl_None" is undefined
usart1.c(56): error:  #20: identifier "USART_Mode_Rx" is undefined
usart1.c(56): error:  #20: identifier "USART_Mode_Tx" is undefined
usart1.c(57): warning:  #223-D: function "USART_Init" declared implicitly
usart1.c(64): warning:  #223-D: function "NVIC_Init" declared implicitly
usart1.c(66): warning:  #223-D: function "USART_ITConfig" declared implicitly
usart1.c(66): error:  #20: identifier "USART_IT_RXNE" is undefined
usart1.c(68): warning:  #223-D: function "USART_Cmd" declared implicitly
usart1.c(70): warning:  #223-D: function "USART_ClearFlag" declared implicitly
usart1.c(70): error:  #20: identifier "USART_FLAG_TC" is undefined
usart1.c(162): warning:  #223-D: function "USART_GetFlagStatus" declared implicitly
usart1.c(162): error:  #20: identifier "USART_FLAG_TC" is undefined
usart1.c(163): warning:  #223-D: function "USART_SendData" declared implicitly
usart1.c(177): error:  #20: identifier "u8" is undefined
usart1.c(179): warning:  #223-D: function "USART_GetITStatus" declared implicitly
usart1.c(179): error:  #20: identifier "USART_IT_RXNE" is undefined
usart1.c(181): warning:  #223-D: function "USART_ReceiveData" declared implicitly
usart1.c(243): warning:  #223-D: function "USART_SendData" declared implicitly
usart1.c(265): warning:  #223-D: function "USART_SendData" declared implicitly
usart1.c(266): warning:  #223-D: function "USART_GetFlagStatus" declared implicitly
usart1.c(266): error:  #20: identifier "USART_FLAG_TC" is undefined
usart1.c(276): warning:  #223-D: function "USART_SendData" declared implicitly
usart1.c(277): warning:  #223-D: function "USART_GetFlagStatus" declared implicitly
usart1.c(277): error:  #20: identifier "USART_FLAG_TC" is undefined
usart1.c(286): warning:  #223-D: function "USART_SendData" declared implicitly
usart1.c(287): warning:  #223-D: function "USART_GetFlagStatus" declared implicitly
usart1.c(287): error:  #20: identifier "USART_FLAG_TC" is undefined
compiling usart2.c...
usart2.c(21): error:  #20: identifier "vu8" is undefined
usart2.c(22): error:  #20: identifier "vu8" is undefined
usart2.c(23): error:  #20: identifier "vu16" is undefined
usart2.c(34): error:  #20: identifier "GPIO_InitTypeDef" is undefined
usart2.c(35): error:  #20: identifier "USART_InitTypeDef" is undefined
usart2.c(36): error:  #20: identifier "NVIC_InitTypeDef" is undefined
usart2.c(39): warning:  #223-D: function "RCC_APB2PeriphClockCmd" declared implicitly
usart2.c(39): error:  #20: identifier "RCC_APB2Periph_GPIOA" is undefined
usart2.c(40): warning:  #223-D: function "RCC_APB1PeriphClockCmd" declared implicitly
usart2.c(40): error:  #20: identifier "RCC_APB1Periph_USART2" is undefined
usart2.c(44): error:  #20: identifier "GPIO_Pin_2" is undefined
usart2.c(45): error:  #20: identifier "GPIO_Mode_AF_PP" is undefined
usart2.c(46): error:  #20: identifier "GPIO_Speed_50MHz" is undefined
usart2.c(47): warning:  #223-D: function "GPIO_Init" declared implicitly
usart2.c(50): error:  #20: identifier "GPIO_Pin_3" is undefined
usart2.c(51): error:  #20: identifier "GPIO_Mode_IN_FLOATING" is undefined
usart2.c(56): error:  #20: identifier "USART_WordLength_8b" is undefined
usart2.c(57): error:  #20: identifier "USART_StopBits_1" is undefined
usart2.c(58): error:  #20: identifier "USART_Parity_No" is undefined
usart2.c(59): error:  #20: identifier "USART_HardwareFlowControl_None" is undefined
usart2.c(60): error:  #20: identifier "USART_Mode_Rx" is undefined
usart2.c(60): error:  #20: identifier "USART_Mode_Tx" is undefined
usart2.c(61): warning:  #223-D: function "USART_Init" declared implicitly
usart2.c(68): warning:  #223-D: function "NVIC_Init" declared implicitly
usart2.c(70): warning:  #223-D: function "USART_ITConfig" declared implicitly
usart2.c(70): error:  #20: identifier "USART_IT_RXNE" is undefined
usart2.c(72): warning:  #223-D: function "USART_Cmd" declared implicitly
usart2.c(74): warning:  #223-D: function "USART_ClearFlag" declared implicitly
usart2.c(74): error:  #20: identifier "USART_FLAG_TC" is undefined
usart2.c(167): warning:  #223-D: function "USART_GetFlagStatus" declared implicitly
usart2.c(167): error:  #20: identifier "USART_FLAG_TC" is undefined
usart2.c(168): warning:  #223-D: function "USART_SendData" declared implicitly
usart2.c(182): error:  #20: identifier "u8" is undefined
usart2.c(184): warning:  #223-D: function "USART_GetITStatus" declared implicitly
usart2.c(184): error:  #20: identifier "USART_IT_RXNE" is undefined
usart2.c(186): warning:  #223-D: function "USART_ReceiveData" declared implicitly
usart2.c(248): warning:  #223-D: function "USART_SendData" declared implicitly
usart2.c(270): warning:  #223-D: function "USART_SendData" declared implicitly
usart2.c(271): warning:  #223-D: function "USART_GetFlagStatus" declared implicitly
usart2.c(271): error:  #20: identifier "USART_FLAG_TC" is undefined
usart2.c(281): warning:  #223-D: function "USART_SendData" declared implicitly
usart2.c(282): warning:  #223-D: function "USART_GetFlagStatus" declared implicitly
usart2.c(282): error:  #20: identifier "USART_FLAG_TC" is undefined
usart2.c(291): warning:  #223-D: function "USART_SendData" declared implicitly
usart2.c(292): warning:  #223-D: function "USART_GetFlagStatus" declared implicitly
usart2.c(292): error:  #20: identifier "USART_FLAG_TC" is undefined
Target not created
Rebuild target 'USART'
assembling startup_stm32l1xx_md.s...
compiling system_stm32l1xx.c...
compiling stm32l1xx_gpio.c...
..\FWlib\src\stm32l1xx_gpio.c(76): error:  #5: cannot open source input file "stm32l1xx_gpio.h": No such file or directory
compiling stm32l1xx_rcc.c...
..\FWlib\src\stm32l1xx_rcc.c(59): error:  #5: cannot open source input file "stm32l1xx_rcc.h": No such file or directory
compiling stm32l1xx_usart.c...
..\FWlib\src\stm32l1xx_usart.c(79): error:  #5: cannot open source input file "stm32l1xx_usart.h": No such file or directory
compiling main.c...
main.c(14): error:  #20: identifier "vu8" is undefined
main.c(15): error:  #20: identifier "vu8" is undefined
main.c(16): error:  #20: identifier "vu16" is undefined
main.c(18): error:  #20: identifier "vu8" is undefined
main.c(19): error:  #20: identifier "vu8" is undefined
main.c(20): error:  #20: identifier "vu16" is undefined
main.c(33): error:  #20: identifier "u8" is undefined
compiling usart1.c...
usart1.c(19): error:  #20: identifier "vu8" is undefined
usart1.c(20): error:  #20: identifier "vu8" is undefined
usart1.c(21): error:  #20: identifier "vu16" is undefined
usart1.c(32): error:  #20: identifier "GPIO_InitTypeDef" is undefined
usart1.c(33): error:  #20: identifier "USART_InitTypeDef" is undefined
usart1.c(34): error:  #20: identifier "NVIC_InitTypeDef" is undefined
usart1.c(37): warning:  #223-D: function "RCC_APB2PeriphClockCmd" declared implicitly
usart1.c(37): error:  #20: identifier "RCC_APB2Periph_USART1" is undefined
usart1.c(37): error:  #20: identifier "RCC_APB2Periph_GPIOB" is undefined
usart1.c(41): error:  #20: identifier "GPIO_Pin_6" is undefined
usart1.c(42): error:  #20: identifier "GPIO_Mode_AF_PP" is undefined
usart1.c(43): error:  #20: identifier "GPIO_Speed_50MHz" is undefined
usart1.c(44): warning:  #223-D: function "GPIO_Init" declared implicitly
usart1.c(46): error:  #20: identifier "GPIO_Pin_7" is undefined
usart1.c(47): error:  #20: identifier "GPIO_Mode_IN_FLOATING" is undefined
usart1.c(52): error:  #20: identifier "USART_WordLength_8b" is undefined
usart1.c(53): error:  #20: identifier "USART_StopBits_1" is undefined
usart1.c(54): error:  #20: identifier "USART_Parity_No" is undefined
usart1.c(55): error:  #20: identifier "USART_HardwareFlowControl_None" is undefined
usart1.c(56): error:  #20: identifier "USART_Mode_Rx" is undefined
usart1.c(56): error:  #20: identifier "USART_Mode_Tx" is undefined
usart1.c(57): warning:  #223-D: function "USART_Init" declared implicitly
usart1.c(64): warning:  #223-D: function "NVIC_Init" declared implicitly
usart1.c(66): warning:  #223-D: function "USART_ITConfig" declared implicitly
usart1.c(66): error:  #20: identifier "USART_IT_RXNE" is undefined
usart1.c(68): warning:  #223-D: function "USART_Cmd" declared implicitly
usart1.c(70): warning:  #223-D: function "USART_ClearFlag" declared implicitly
usart1.c(70): error:  #20: identifier "USART_FLAG_TC" is undefined
usart1.c(162): warning:  #223-D: function "USART_GetFlagStatus" declared implicitly
usart1.c(162): error:  #20: identifier "USART_FLAG_TC" is undefined
usart1.c(163): warning:  #223-D: function "USART_SendData" declared implicitly
usart1.c(177): error:  #20: identifier "u8" is undefined
usart1.c(179): warning:  #223-D: function "USART_GetITStatus" declared implicitly
usart1.c(179): error:  #20: identifier "USART_IT_RXNE" is undefined
usart1.c(181): warning:  #223-D: function "USART_ReceiveData" declared implicitly
usart1.c(243): warning:  #223-D: function "USART_SendData" declared implicitly
usart1.c(265): warning:  #223-D: function "USART_SendData" declared implicitly
usart1.c(266): warning:  #223-D: function "USART_GetFlagStatus" declared implicitly
usart1.c(266): error:  #20: identifier "USART_FLAG_TC" is undefined
usart1.c(276): warning:  #223-D: function "USART_SendData" declared implicitly
usart1.c(277): warning:  #223-D: function "USART_GetFlagStatus" declared implicitly
usart1.c(277): error:  #20: identifier "USART_FLAG_TC" is undefined
usart1.c(286): warning:  #223-D: function "USART_SendData" declared implicitly
usart1.c(287): warning:  #223-D: function "USART_GetFlagStatus" declared implicitly
usart1.c(287): error:  #20: identifier "USART_FLAG_TC" is undefined
compiling usart2.c...
usart2.c(21): error:  #20: identifier "vu8" is undefined
usart2.c(22): error:  #20: identifier "vu8" is undefined
usart2.c(23): error:  #20: identifier "vu16" is undefined
usart2.c(34): error:  #20: identifier "GPIO_InitTypeDef" is undefined
usart2.c(35): error:  #20: identifier "USART_InitTypeDef" is undefined
usart2.c(36): error:  #20: identifier "NVIC_InitTypeDef" is undefined
usart2.c(39): warning:  #223-D: function "RCC_APB2PeriphClockCmd" declared implicitly
usart2.c(39): error:  #20: identifier "RCC_APB2Periph_GPIOA" is undefined
usart2.c(40): warning:  #223-D: function "RCC_APB1PeriphClockCmd" declared implicitly
usart2.c(40): error:  #20: identifier "RCC_APB1Periph_USART2" is undefined
usart2.c(44): error:  #20: identifier "GPIO_Pin_2" is undefined
usart2.c(45): error:  #20: identifier "GPIO_Mode_AF_PP" is undefined
usart2.c(46): error:  #20: identifier "GPIO_Speed_50MHz" is undefined
usart2.c(47): warning:  #223-D: function "GPIO_Init" declared implicitly
usart2.c(50): error:  #20: identifier "GPIO_Pin_3" is undefined
usart2.c(51): error:  #20: identifier "GPIO_Mode_IN_FLOATING" is undefined
usart2.c(56): error:  #20: identifier "USART_WordLength_8b" is undefined
usart2.c(57): error:  #20: identifier "USART_StopBits_1" is undefined
usart2.c(58): error:  #20: identifier "USART_Parity_No" is undefined
usart2.c(59): error:  #20: identifier "USART_HardwareFlowControl_None" is undefined
usart2.c(60): error:  #20: identifier "USART_Mode_Rx" is undefined
usart2.c(60): error:  #20: identifier "USART_Mode_Tx" is undefined
usart2.c(61): warning:  #223-D: function "USART_Init" declared implicitly
usart2.c(68): warning:  #223-D: function "NVIC_Init" declared implicitly
usart2.c(70): warning:  #223-D: function "USART_ITConfig" declared implicitly
usart2.c(70): error:  #20: identifier "USART_IT_RXNE" is undefined
usart2.c(72): warning:  #223-D: function "USART_Cmd" declared implicitly
usart2.c(74): warning:  #223-D: function "USART_ClearFlag" declared implicitly
usart2.c(74): error:  #20: identifier "USART_FLAG_TC" is undefined
usart2.c(167): warning:  #223-D: function "USART_GetFlagStatus" declared implicitly
usart2.c(167): error:  #20: identifier "USART_FLAG_TC" is undefined
usart2.c(168): warning:  #223-D: function "USART_SendData" declared implicitly
usart2.c(182): error:  #20: identifier "u8" is undefined
usart2.c(184): warning:  #223-D: function "USART_GetITStatus" declared implicitly
usart2.c(184): error:  #20: identifier "USART_IT_RXNE" is undefined
usart2.c(186): warning:  #223-D: function "USART_ReceiveData" declared implicitly
usart2.c(248): warning:  #223-D: function "USART_SendData" declared implicitly
usart2.c(270): warning:  #223-D: function "USART_SendData" declared implicitly
usart2.c(271): warning:  #223-D: function "USART_GetFlagStatus" declared implicitly
usart2.c(271): error:  #20: identifier "USART_FLAG_TC" is undefined
usart2.c(281): warning:  #223-D: function "USART_SendData" declared implicitly
usart2.c(282): warning:  #223-D: function "USART_GetFlagStatus" declared implicitly
usart2.c(282): error:  #20: identifier "USART_FLAG_TC" is undefined
usart2.c(291): warning:  #223-D: function "USART_SendData" declared implicitly
usart2.c(292): warning:  #223-D: function "USART_GetFlagStatus" declared implicitly
usart2.c(292): error:  #20: identifier "USART_FLAG_TC" is undefined
Target not created
Rebuild target 'USART'
assembling startup_stm32l1xx_md.s...
compiling system_stm32l1xx.c...
compiling stm32l1xx_gpio.c...
..\FWlib\src\stm32l1xx_gpio.c(76): error:  #5: cannot open source input file "stm32l1xx_gpio.h": No such file or directory
compiling stm32l1xx_rcc.c...
..\FWlib\src\stm32l1xx_rcc.c(59): error:  #5: cannot open source input file "stm32l1xx_rcc.h": No such file or directory
compiling stm32l1xx_usart.c...
..\FWlib\src\stm32l1xx_usart.c(79): error:  #5: cannot open source input file "stm32l1xx_usart.h": No such file or directory
compiling main.c...
main.c(33): error:  #20: identifier "u8" is undefined
compiling usart1.c...
usart1.c(19): error:  #20: identifier "vu8" is undefined
usart1.c(20): error:  #20: identifier "vu8" is undefined
usart1.c(21): error:  #20: identifier "vu16" is undefined
usart1.c(32): error:  #20: identifier "GPIO_InitTypeDef" is undefined
usart1.c(33): error:  #20: identifier "USART_InitTypeDef" is undefined
usart1.c(34): error:  #20: identifier "NVIC_InitTypeDef" is undefined
usart1.c(37): warning:  #223-D: function "RCC_APB2PeriphClockCmd" declared implicitly
usart1.c(37): error:  #20: identifier "RCC_APB2Periph_USART1" is undefined
usart1.c(37): error:  #20: identifier "RCC_APB2Periph_GPIOB" is undefined
usart1.c(41): error:  #20: identifier "GPIO_Pin_6" is undefined
usart1.c(42): error:  #20: identifier "GPIO_Mode_AF_PP" is undefined
usart1.c(43): error:  #20: identifier "GPIO_Speed_50MHz" is undefined
usart1.c(44): warning:  #223-D: function "GPIO_Init" declared implicitly
usart1.c(46): error:  #20: identifier "GPIO_Pin_7" is undefined
usart1.c(47): error:  #20: identifier "GPIO_Mode_IN_FLOATING" is undefined
usart1.c(52): error:  #20: identifier "USART_WordLength_8b" is undefined
usart1.c(53): error:  #20: identifier "USART_StopBits_1" is undefined
usart1.c(54): error:  #20: identifier "USART_Parity_No" is undefined
usart1.c(55): error:  #20: identifier "USART_HardwareFlowControl_None" is undefined
usart1.c(56): error:  #20: identifier "USART_Mode_Rx" is undefined
usart1.c(56): error:  #20: identifier "USART_Mode_Tx" is undefined
usart1.c(57): warning:  #223-D: function "USART_Init" declared implicitly
usart1.c(64): warning:  #223-D: function "NVIC_Init" declared implicitly
usart1.c(66): warning:  #223-D: function "USART_ITConfig" declared implicitly
usart1.c(66): error:  #20: identifier "USART_IT_RXNE" is undefined
usart1.c(68): warning:  #223-D: function "USART_Cmd" declared implicitly
usart1.c(70): warning:  #223-D: function "USART_ClearFlag" declared implicitly
usart1.c(70): error:  #20: identifier "USART_FLAG_TC" is undefined
usart1.c(162): warning:  #223-D: function "USART_GetFlagStatus" declared implicitly
usart1.c(162): error:  #20: identifier "USART_FLAG_TC" is undefined
usart1.c(163): warning:  #223-D: function "USART_SendData" declared implicitly
usart1.c(177): error:  #20: identifier "u8" is undefined
usart1.c(179): warning:  #223-D: function "USART_GetITStatus" declared implicitly
usart1.c(179): error:  #20: identifier "USART_IT_RXNE" is undefined
usart1.c(181): warning:  #223-D: function "USART_ReceiveData" declared implicitly
usart1.c(243): warning:  #223-D: function "USART_SendData" declared implicitly
usart1.c(265): warning:  #223-D: function "USART_SendData" declared implicitly
usart1.c(266): warning:  #223-D: function "USART_GetFlagStatus" declared implicitly
usart1.c(266): error:  #20: identifier "USART_FLAG_TC" is undefined
usart1.c(276): warning:  #223-D: function "USART_SendData" declared implicitly
usart1.c(277): warning:  #223-D: function "USART_GetFlagStatus" declared implicitly
usart1.c(277): error:  #20: identifier "USART_FLAG_TC" is undefined
usart1.c(286): warning:  #223-D: function "USART_SendData" declared implicitly
usart1.c(287): warning:  #223-D: function "USART_GetFlagStatus" declared implicitly
usart1.c(287): error:  #20: identifier "USART_FLAG_TC" is undefined
compiling usart2.c...
usart2.c(21): error:  #20: identifier "vu8" is undefined
usart2.c(22): error:  #20: identifier "vu8" is undefined
usart2.c(23): error:  #20: identifier "vu16" is undefined
usart2.c(34): error:  #20: identifier "GPIO_InitTypeDef" is undefined
usart2.c(35): error:  #20: identifier "USART_InitTypeDef" is undefined
usart2.c(36): error:  #20: identifier "NVIC_InitTypeDef" is undefined
usart2.c(39): warning:  #223-D: function "RCC_APB2PeriphClockCmd" declared implicitly
usart2.c(39): error:  #20: identifier "RCC_APB2Periph_GPIOA" is undefined
usart2.c(40): warning:  #223-D: function "RCC_APB1PeriphClockCmd" declared implicitly
usart2.c(40): error:  #20: identifier "RCC_APB1Periph_USART2" is undefined
usart2.c(44): error:  #20: identifier "GPIO_Pin_2" is undefined
usart2.c(45): error:  #20: identifier "GPIO_Mode_AF_PP" is undefined
usart2.c(46): error:  #20: identifier "GPIO_Speed_50MHz" is undefined
usart2.c(47): warning:  #223-D: function "GPIO_Init" declared implicitly
usart2.c(50): error:  #20: identifier "GPIO_Pin_3" is undefined
usart2.c(51): error:  #20: identifier "GPIO_Mode_IN_FLOATING" is undefined
usart2.c(56): error:  #20: identifier "USART_WordLength_8b" is undefined
usart2.c(57): error:  #20: identifier "USART_StopBits_1" is undefined
usart2.c(58): error:  #20: identifier "USART_Parity_No" is undefined
usart2.c(59): error:  #20: identifier "USART_HardwareFlowControl_None" is undefined
usart2.c(60): error:  #20: identifier "USART_Mode_Rx" is undefined
usart2.c(60): error:  #20: identifier "USART_Mode_Tx" is undefined
usart2.c(61): warning:  #223-D: function "USART_Init" declared implicitly
usart2.c(68): warning:  #223-D: function "NVIC_Init" declared implicitly
usart2.c(70): warning:  #223-D: function "USART_ITConfig" declared implicitly
usart2.c(70): error:  #20: identifier "USART_IT_RXNE" is undefined
usart2.c(72): warning:  #223-D: function "USART_Cmd" declared implicitly
usart2.c(74): warning:  #223-D: function "USART_ClearFlag" declared implicitly
usart2.c(74): error:  #20: identifier "USART_FLAG_TC" is undefined
usart2.c(167): warning:  #223-D: function "USART_GetFlagStatus" declared implicitly
usart2.c(167): error:  #20: identifier "USART_FLAG_TC" is undefined
usart2.c(168): warning:  #223-D: function "USART_SendData" declared implicitly
usart2.c(182): error:  #20: identifier "u8" is undefined
usart2.c(184): warning:  #223-D: function "USART_GetITStatus" declared implicitly
usart2.c(184): error:  #20: identifier "USART_IT_RXNE" is undefined
usart2.c(186): warning:  #223-D: function "USART_ReceiveData" declared implicitly
usart2.c(248): warning:  #223-D: function "USART_SendData" declared implicitly
usart2.c(270): warning:  #223-D: function "USART_SendData" declared implicitly
usart2.c(271): warning:  #223-D: function "USART_GetFlagStatus" declared implicitly
usart2.c(271): error:  #20: identifier "USART_FLAG_TC" is undefined
usart2.c(281): warning:  #223-D: function "USART_SendData" declared implicitly
usart2.c(282): warning:  #223-D: function "USART_GetFlagStatus" declared implicitly
usart2.c(282): error:  #20: identifier "USART_FLAG_TC" is undefined
usart2.c(291): warning:  #223-D: function "USART_SendData" declared implicitly
usart2.c(292): warning:  #223-D: function "USART_GetFlagStatus" declared implicitly
usart2.c(292): error:  #20: identifier "USART_FLAG_TC" is undefined
Target not created
Rebuild target 'USART'
assembling startup_stm32l1xx_md.s...
compiling system_stm32l1xx.c...
compiling stm32l1xx_gpio.c...
..\FWlib\src\stm32l1xx_gpio.c(76): error:  #5: cannot open source input file "stm32l1xx_gpio.h": No such file or directory
compiling stm32l1xx_rcc.c...
..\FWlib\src\stm32l1xx_rcc.c(59): error:  #5: cannot open source input file "stm32l1xx_rcc.h": No such file or directory
compiling stm32l1xx_usart.c...
..\FWlib\src\stm32l1xx_usart.c(79): error:  #5: cannot open source input file "stm32l1xx_usart.h": No such file or directory
compiling main.c...
main.c(33): warning:  #177-D: variable "i" was declared but never referenced
compiling usart1.c...
usart1.c(32): error:  #20: identifier "GPIO_InitTypeDef" is undefined
usart1.c(33): error:  #20: identifier "USART_InitTypeDef" is undefined
usart1.c(34): error:  #20: identifier "NVIC_InitTypeDef" is undefined
usart1.c(37): warning:  #223-D: function "RCC_APB2PeriphClockCmd" declared implicitly
usart1.c(37): error:  #20: identifier "RCC_APB2Periph_USART1" is undefined
usart1.c(37): error:  #20: identifier "RCC_APB2Periph_GPIOB" is undefined
usart1.c(41): error:  #20: identifier "GPIO_Pin_6" is undefined
usart1.c(42): error:  #20: identifier "GPIO_Mode_AF_PP" is undefined
usart1.c(43): error:  #20: identifier "GPIO_Speed_50MHz" is undefined
usart1.c(44): warning:  #223-D: function "GPIO_Init" declared implicitly
usart1.c(46): error:  #20: identifier "GPIO_Pin_7" is undefined
usart1.c(47): error:  #20: identifier "GPIO_Mode_IN_FLOATING" is undefined
usart1.c(52): error:  #20: identifier "USART_WordLength_8b" is undefined
usart1.c(53): error:  #20: identifier "USART_StopBits_1" is undefined
usart1.c(54): error:  #20: identifier "USART_Parity_No" is undefined
usart1.c(55): error:  #20: identifier "USART_HardwareFlowControl_None" is undefined
usart1.c(56): error:  #20: identifier "USART_Mode_Rx" is undefined
usart1.c(56): error:  #20: identifier "USART_Mode_Tx" is undefined
usart1.c(57): warning:  #223-D: function "USART_Init" declared implicitly
usart1.c(64): warning:  #223-D: function "NVIC_Init" declared implicitly
usart1.c(66): warning:  #223-D: function "USART_ITConfig" declared implicitly
usart1.c(66): error:  #20: identifier "USART_IT_RXNE" is undefined
usart1.c(68): warning:  #223-D: function "USART_Cmd" declared implicitly
usart1.c(70): warning:  #223-D: function "USART_ClearFlag" declared implicitly
usart1.c(70): error:  #20: identifier "USART_FLAG_TC" is undefined
usart1.c(162): warning:  #223-D: function "USART_GetFlagStatus" declared implicitly
usart1.c(162): error:  #20: identifier "USART_FLAG_TC" is undefined
usart1.c(163): warning:  #223-D: function "USART_SendData" declared implicitly
usart1.c(177): error:  #20: identifier "u8" is undefined
usart1.c(179): warning:  #223-D: function "USART_GetITStatus" declared implicitly
usart1.c(179): error:  #20: identifier "USART_IT_RXNE" is undefined
usart1.c(181): warning:  #223-D: function "USART_ReceiveData" declared implicitly
usart1.c(243): warning:  #223-D: function "USART_SendData" declared implicitly
usart1.c(265): warning:  #223-D: function "USART_SendData" declared implicitly
usart1.c(266): warning:  #223-D: function "USART_GetFlagStatus" declared implicitly
usart1.c(266): error:  #20: identifier "USART_FLAG_TC" is undefined
usart1.c(276): warning:  #223-D: function "USART_SendData" declared implicitly
usart1.c(277): warning:  #223-D: function "USART_GetFlagStatus" declared implicitly
usart1.c(277): error:  #20: identifier "USART_FLAG_TC" is undefined
usart1.c(286): warning:  #223-D: function "USART_SendData" declared implicitly
usart1.c(287): warning:  #223-D: function "USART_GetFlagStatus" declared implicitly
usart1.c(287): error:  #20: identifier "USART_FLAG_TC" is undefined
compiling usart2.c...
usart2.c(21): error:  #20: identifier "vu8" is undefined
usart2.c(22): error:  #20: identifier "vu8" is undefined
usart2.c(23): error:  #20: identifier "vu16" is undefined
usart2.c(34): error:  #20: identifier "GPIO_InitTypeDef" is undefined
usart2.c(35): error:  #20: identifier "USART_InitTypeDef" is undefined
usart2.c(36): error:  #20: identifier "NVIC_InitTypeDef" is undefined
usart2.c(39): warning:  #223-D: function "RCC_APB2PeriphClockCmd" declared implicitly
usart2.c(39): error:  #20: identifier "RCC_APB2Periph_GPIOA" is undefined
usart2.c(40): warning:  #223-D: function "RCC_APB1PeriphClockCmd" declared implicitly
usart2.c(40): error:  #20: identifier "RCC_APB1Periph_USART2" is undefined
usart2.c(44): error:  #20: identifier "GPIO_Pin_2" is undefined
usart2.c(45): error:  #20: identifier "GPIO_Mode_AF_PP" is undefined
usart2.c(46): error:  #20: identifier "GPIO_Speed_50MHz" is undefined
usart2.c(47): warning:  #223-D: function "GPIO_Init" declared implicitly
usart2.c(50): error:  #20: identifier "GPIO_Pin_3" is undefined
usart2.c(51): error:  #20: identifier "GPIO_Mode_IN_FLOATING" is undefined
usart2.c(56): error:  #20: identifier "USART_WordLength_8b" is undefined
usart2.c(57): error:  #20: identifier "USART_StopBits_1" is undefined
usart2.c(58): error:  #20: identifier "USART_Parity_No" is undefined
usart2.c(59): error:  #20: identifier "USART_HardwareFlowControl_None" is undefined
usart2.c(60): error:  #20: identifier "USART_Mode_Rx" is undefined
usart2.c(60): error:  #20: identifier "USART_Mode_Tx" is undefined
usart2.c(61): warning:  #223-D: function "USART_Init" declared implicitly
usart2.c(68): warning:  #223-D: function "NVIC_Init" declared implicitly
usart2.c(70): warning:  #223-D: function "USART_ITConfig" declared implicitly
usart2.c(70): error:  #20: identifier "USART_IT_RXNE" is undefined
usart2.c(72): warning:  #223-D: function "USART_Cmd" declared implicitly
usart2.c(74): warning:  #223-D: function "USART_ClearFlag" declared implicitly
usart2.c(74): error:  #20: identifier "USART_FLAG_TC" is undefined
usart2.c(167): warning:  #223-D: function "USART_GetFlagStatus" declared implicitly
usart2.c(167): error:  #20: identifier "USART_FLAG_TC" is undefined
usart2.c(168): warning:  #223-D: function "USART_SendData" declared implicitly
usart2.c(182): error:  #20: identifier "u8" is undefined
usart2.c(184): warning:  #223-D: function "USART_GetITStatus" declared implicitly
usart2.c(184): error:  #20: identifier "USART_IT_RXNE" is undefined
usart2.c(186): warning:  #223-D: function "USART_ReceiveData" declared implicitly
usart2.c(248): warning:  #223-D: function "USART_SendData" declared implicitly
usart2.c(270): warning:  #223-D: function "USART_SendData" declared implicitly
usart2.c(271): warning:  #223-D: function "USART_GetFlagStatus" declared implicitly
usart2.c(271): error:  #20: identifier "USART_FLAG_TC" is undefined
usart2.c(281): warning:  #223-D: function "USART_SendData" declared implicitly
usart2.c(282): warning:  #223-D: function "USART_GetFlagStatus" declared implicitly
usart2.c(282): error:  #20: identifier "USART_FLAG_TC" is undefined
usart2.c(291): warning:  #223-D: function "USART_SendData" declared implicitly
usart2.c(292): warning:  #223-D: function "USART_GetFlagStatus" declared implicitly
usart2.c(292): error:  #20: identifier "USART_FLAG_TC" is undefined
Target not created
Rebuild target 'USART'
assembling startup_stm32l1xx_md.s...
compiling system_stm32l1xx.c...
compiling stm32l1xx_gpio.c...
..\FWlib\src\stm32l1xx_gpio.c(122): warning:  #223-D: function "assert_param" declared implicitly
..\FWlib\src\stm32l1xx_gpio.c(184): warning:  #223-D: function "assert_param" declared implicitly
..\FWlib\src\stm32l1xx_gpio.c(260): warning:  #223-D: function "assert_param" declared implicitly
..\FWlib\src\stm32l1xx_gpio.c(304): warning:  #223-D: function "assert_param" declared implicitly
..\FWlib\src\stm32l1xx_gpio.c(326): warning:  #223-D: function "assert_param" declared implicitly
..\FWlib\src\stm32l1xx_gpio.c(343): warning:  #223-D: function "assert_param" declared implicitly
..\FWlib\src\stm32l1xx_gpio.c(365): warning:  #223-D: function "assert_param" declared implicitly
..\FWlib\src\stm32l1xx_gpio.c(383): warning:  #223-D: function "assert_param" declared implicitly
..\FWlib\src\stm32l1xx_gpio.c(402): warning:  #223-D: function "assert_param" declared implicitly
..\FWlib\src\stm32l1xx_gpio.c(422): warning:  #223-D: function "assert_param" declared implicitly
..\FWlib\src\stm32l1xx_gpio.c(446): warning:  #223-D: function "assert_param" declared implicitly
..\FWlib\src\stm32l1xx_gpio.c(460): warning:  #223-D: function "assert_param" declared implicitly
..\FWlib\src\stm32l1xx_gpio.c(532): warning:  #223-D: function "assert_param" declared implicitly
compiling stm32l1xx_rcc.c...
..\FWlib\src\stm32l1xx_rcc.c(247): warning:  #223-D: function "assert_param" declared implicitly
..\FWlib\src\stm32l1xx_rcc.c(307): warning:  #223-D: function "assert_param" declared implicitly
..\FWlib\src\stm32l1xx_rcc.c(335): warning:  #223-D: function "assert_param" declared implicitly
..\FWlib\src\stm32l1xx_rcc.c(371): warning:  #223-D: function "assert_param" declared implicitly
..\FWlib\src\stm32l1xx_rcc.c(391): warning:  #223-D: function "assert_param" declared implicitly
..\FWlib\src\stm32l1xx_rcc.c(423): warning:  #223-D: function "assert_param" declared implicitly
..\FWlib\src\stm32l1xx_rcc.c(448): warning:  #223-D: function "assert_param" declared implicitly
..\FWlib\src\stm32l1xx_rcc.c(472): warning:  #223-D: function "assert_param" declared implicitly
..\FWlib\src\stm32l1xx_rcc.c(519): warning:  #223-D: function "assert_param" declared implicitly
..\FWlib\src\stm32l1xx_rcc.c(540): warning:  #223-D: function "assert_param" declared implicitly
..\FWlib\src\stm32l1xx_rcc.c(559): warning:  #223-D: function "assert_param" declared implicitly
..\FWlib\src\stm32l1xx_rcc.c(573): warning:  #223-D: function "assert_param" declared implicitly
..\FWlib\src\stm32l1xx_rcc.c(603): warning:  #223-D: function "assert_param" declared implicitly
..\FWlib\src\stm32l1xx_rcc.c(722): warning:  #223-D: function "assert_param" declared implicitly
..\FWlib\src\stm32l1xx_rcc.c(776): warning:  #223-D: function "assert_param" declared implicitly
..\FWlib\src\stm32l1xx_rcc.c(807): warning:  #223-D: function "assert_param" declared implicitly
..\FWlib\src\stm32l1xx_rcc.c(838): warning:  #223-D: function "assert_param" declared implicitly
..\FWlib\src\stm32l1xx_rcc.c(1025): warning:  #223-D: function "assert_param" declared implicitly
..\FWlib\src\stm32l1xx_rcc.c(1059): warning:  #223-D: function "assert_param" declared implicitly
..\FWlib\src\stm32l1xx_rcc.c(1075): warning:  #223-D: function "assert_param" declared implicitly
..\FWlib\src\stm32l1xx_rcc.c(1108): warning:  #223-D: function "assert_param" declared implicitly
..\FWlib\src\stm32l1xx_rcc.c(1143): warning:  #223-D: function "assert_param" declared implicitly
..\FWlib\src\stm32l1xx_rcc.c(1190): warning:  #223-D: function "assert_param" declared implicitly
..\FWlib\src\stm32l1xx_rcc.c(1228): warning:  #223-D: function "assert_param" declared implicitly
..\FWlib\src\stm32l1xx_rcc.c(1260): warning:  #223-D: function "assert_param" declared implicitly
..\FWlib\src\stm32l1xx_rcc.c(1304): warning:  #223-D: function "assert_param" declared implicitly
..\FWlib\src\stm32l1xx_rcc.c(1347): warning:  #223-D: function "assert_param" declared implicitly
..\FWlib\src\stm32l1xx_rcc.c(1383): warning:  #223-D: function "assert_param" declared implicitly
..\FWlib\src\stm32l1xx_rcc.c(1432): warning:  #223-D: function "assert_param" declared implicitly
..\FWlib\src\stm32l1xx_rcc.c(1485): warning:  #223-D: function "assert_param" declared implicitly
..\FWlib\src\stm32l1xx_rcc.c(1527): warning:  #223-D: function "assert_param" declared implicitly
..\FWlib\src\stm32l1xx_rcc.c(1587): warning:  #223-D: function "assert_param" declared implicitly
..\FWlib\src\stm32l1xx_rcc.c(1619): warning:  #223-D: function "assert_param" declared implicitly
compiling stm32l1xx_usart.c...
..\FWlib\src\stm32l1xx_usart.c(176): warning:  #223-D: function "assert_param" declared implicitly
..\FWlib\src\stm32l1xx_usart.c(226): warning:  #223-D: function "assert_param" declared implicitly
..\FWlib\src\stm32l1xx_usart.c(352): warning:  #223-D: function "assert_param" declared implicitly
..\FWlib\src\stm32l1xx_usart.c(400): warning:  #223-D: function "assert_param" declared implicitly
..\FWlib\src\stm32l1xx_usart.c(427): warning:  #223-D: function "assert_param" declared implicitly
..\FWlib\src\stm32l1xx_usart.c(451): warning:  #223-D: function "assert_param" declared implicitly
..\FWlib\src\stm32l1xx_usart.c(478): warning:  #223-D: function "assert_param" declared implicitly
..\FWlib\src\stm32l1xx_usart.c(532): warning:  #223-D: function "assert_param" declared implicitly
..\FWlib\src\stm32l1xx_usart.c(549): warning:  #223-D: function "assert_param" declared implicitly
..\FWlib\src\stm32l1xx_usart.c(601): warning:  #223-D: function "assert_param" declared implicitly
..\FWlib\src\stm32l1xx_usart.c(622): warning:  #223-D: function "assert_param" declared implicitly
..\FWlib\src\stm32l1xx_usart.c(650): warning:  #223-D: function "assert_param" declared implicitly
..\FWlib\src\stm32l1xx_usart.c(715): warning:  #223-D: function "assert_param" declared implicitly
..\FWlib\src\stm32l1xx_usart.c(734): warning:  #223-D: function "assert_param" declared implicitly
..\FWlib\src\stm32l1xx_usart.c(759): warning:  #223-D: function "assert_param" declared implicitly
..\FWlib\src\stm32l1xx_usart.c(808): warning:  #223-D: function "assert_param" declared implicitly
..\FWlib\src\stm32l1xx_usart.c(890): warning:  #223-D: function "assert_param" declared implicitly
..\FWlib\src\stm32l1xx_usart.c(910): warning:  #223-D: function "assert_param" declared implicitly
..\FWlib\src\stm32l1xx_usart.c(936): warning:  #223-D: function "assert_param" declared implicitly
..\FWlib\src\stm32l1xx_usart.c(1008): warning:  #223-D: function "assert_param" declared implicitly
..\FWlib\src\stm32l1xx_usart.c(1027): warning:  #223-D: function "assert_param" declared implicitly
..\FWlib\src\stm32l1xx_usart.c(1074): warning:  #223-D: function "assert_param" declared implicitly
..\FWlib\src\stm32l1xx_usart.c(1205): warning:  #223-D: function "assert_param" declared implicitly
..\FWlib\src\stm32l1xx_usart.c(1269): warning:  #223-D: function "assert_param" declared implicitly
..\FWlib\src\stm32l1xx_usart.c(1318): warning:  #223-D: function "assert_param" declared implicitly
..\FWlib\src\stm32l1xx_usart.c(1355): warning:  #223-D: function "assert_param" declared implicitly
..\FWlib\src\stm32l1xx_usart.c(1429): warning:  #223-D: function "assert_param" declared implicitly
compiling main.c...
main.c(33): warning:  #177-D: variable "i" was declared but never referenced
compiling usart1.c...
usart1.c(32): error:  #20: identifier "GPIO_InitTypeDef" is undefined
usart1.c(33): error:  #20: identifier "USART_InitTypeDef" is undefined
usart1.c(34): error:  #20: identifier "NVIC_InitTypeDef" is undefined
usart1.c(37): warning:  #223-D: function "RCC_APB2PeriphClockCmd" declared implicitly
usart1.c(37): error:  #20: identifier "RCC_APB2Periph_USART1" is undefined
usart1.c(37): error:  #20: identifier "RCC_APB2Periph_GPIOB" is undefined
usart1.c(41): error:  #20: identifier "GPIO_Pin_6" is undefined
usart1.c(42): error:  #20: identifier "GPIO_Mode_AF_PP" is undefined
usart1.c(43): error:  #20: identifier "GPIO_Speed_50MHz" is undefined
usart1.c(44): warning:  #223-D: function "GPIO_Init" declared implicitly
usart1.c(46): error:  #20: identifier "GPIO_Pin_7" is undefined
usart1.c(47): error:  #20: identifier "GPIO_Mode_IN_FLOATING" is undefined
usart1.c(52): error:  #20: identifier "USART_WordLength_8b" is undefined
usart1.c(53): error:  #20: identifier "USART_StopBits_1" is undefined
usart1.c(54): error:  #20: identifier "USART_Parity_No" is undefined
usart1.c(55): error:  #20: identifier "USART_HardwareFlowControl_None" is undefined
usart1.c(56): error:  #20: identifier "USART_Mode_Rx" is undefined
usart1.c(56): error:  #20: identifier "USART_Mode_Tx" is undefined
usart1.c(57): warning:  #223-D: function "USART_Init" declared implicitly
usart1.c(64): warning:  #223-D: function "NVIC_Init" declared implicitly
usart1.c(66): warning:  #223-D: function "USART_ITConfig" declared implicitly
usart1.c(66): error:  #20: identifier "USART_IT_RXNE" is undefined
usart1.c(68): warning:  #223-D: function "USART_Cmd" declared implicitly
usart1.c(70): warning:  #223-D: function "USART_ClearFlag" declared implicitly
usart1.c(70): error:  #20: identifier "USART_FLAG_TC" is undefined
usart1.c(162): warning:  #223-D: function "USART_GetFlagStatus" declared implicitly
usart1.c(162): error:  #20: identifier "USART_FLAG_TC" is undefined
usart1.c(163): warning:  #223-D: function "USART_SendData" declared implicitly
usart1.c(177): error:  #20: identifier "u8" is undefined
usart1.c(179): warning:  #223-D: function "USART_GetITStatus" declared implicitly
usart1.c(179): error:  #20: identifier "USART_IT_RXNE" is undefined
usart1.c(181): warning:  #223-D: function "USART_ReceiveData" declared implicitly
usart1.c(243): warning:  #223-D: function "USART_SendData" declared implicitly
usart1.c(265): warning:  #223-D: function "USART_SendData" declared implicitly
usart1.c(266): warning:  #223-D: function "USART_GetFlagStatus" declared implicitly
usart1.c(266): error:  #20: identifier "USART_FLAG_TC" is undefined
usart1.c(276): warning:  #223-D: function "USART_SendData" declared implicitly
usart1.c(277): warning:  #223-D: function "USART_GetFlagStatus" declared implicitly
usart1.c(277): error:  #20: identifier "USART_FLAG_TC" is undefined
usart1.c(286): warning:  #223-D: function "USART_SendData" declared implicitly
usart1.c(287): warning:  #223-D: function "USART_GetFlagStatus" declared implicitly
usart1.c(287): error:  #20: identifier "USART_FLAG_TC" is undefined
compiling usart2.c...
usart2.c(21): error:  #20: identifier "vu8" is undefined
usart2.c(22): error:  #20: identifier "vu8" is undefined
usart2.c(23): error:  #20: identifier "vu16" is undefined
usart2.c(34): error:  #20: identifier "GPIO_InitTypeDef" is undefined
usart2.c(35): error:  #20: identifier "USART_InitTypeDef" is undefined
usart2.c(36): error:  #20: identifier "NVIC_InitTypeDef" is undefined
usart2.c(39): warning:  #223-D: function "RCC_APB2PeriphClockCmd" declared implicitly
usart2.c(39): error:  #20: identifier "RCC_APB2Periph_GPIOA" is undefined
usart2.c(40): warning:  #223-D: function "RCC_APB1PeriphClockCmd" declared implicitly
usart2.c(40): error:  #20: identifier "RCC_APB1Periph_USART2" is undefined
usart2.c(44): error:  #20: identifier "GPIO_Pin_2" is undefined
usart2.c(45): error:  #20: identifier "GPIO_Mode_AF_PP" is undefined
usart2.c(46): error:  #20: identifier "GPIO_Speed_50MHz" is undefined
usart2.c(47): warning:  #223-D: function "GPIO_Init" declared implicitly
usart2.c(50): error:  #20: identifier "GPIO_Pin_3" is undefined
usart2.c(51): error:  #20: identifier "GPIO_Mode_IN_FLOATING" is undefined
usart2.c(56): error:  #20: identifier "USART_WordLength_8b" is undefined
usart2.c(57): error:  #20: identifier "USART_StopBits_1" is undefined
usart2.c(58): error:  #20: identifier "USART_Parity_No" is undefined
usart2.c(59): error:  #20: identifier "USART_HardwareFlowControl_None" is undefined
usart2.c(60): error:  #20: identifier "USART_Mode_Rx" is undefined
usart2.c(60): error:  #20: identifier "USART_Mode_Tx" is undefined
usart2.c(61): warning:  #223-D: function "USART_Init" declared implicitly
usart2.c(68): warning:  #223-D: function "NVIC_Init" declared implicitly
usart2.c(70): warning:  #223-D: function "USART_ITConfig" declared implicitly
usart2.c(70): error:  #20: identifier "USART_IT_RXNE" is undefined
usart2.c(72): warning:  #223-D: function "USART_Cmd" declared implicitly
usart2.c(74): warning:  #223-D: function "USART_ClearFlag" declared implicitly
usart2.c(74): error:  #20: identifier "USART_FLAG_TC" is undefined
usart2.c(167): warning:  #223-D: function "USART_GetFlagStatus" declared implicitly
usart2.c(167): error:  #20: identifier "USART_FLAG_TC" is undefined
usart2.c(168): warning:  #223-D: function "USART_SendData" declared implicitly
usart2.c(182): error:  #20: identifier "u8" is undefined
usart2.c(184): warning:  #223-D: function "USART_GetITStatus" declared implicitly
usart2.c(184): error:  #20: identifier "USART_IT_RXNE" is undefined
usart2.c(186): warning:  #223-D: function "USART_ReceiveData" declared implicitly
usart2.c(248): warning:  #223-D: function "USART_SendData" declared implicitly
usart2.c(270): warning:  #223-D: function "USART_SendData" declared implicitly
usart2.c(271): warning:  #223-D: function "USART_GetFlagStatus" declared implicitly
usart2.c(271): error:  #20: identifier "USART_FLAG_TC" is undefined
usart2.c(281): warning:  #223-D: function "USART_SendData" declared implicitly
usart2.c(282): warning:  #223-D: function "USART_GetFlagStatus" declared implicitly
usart2.c(282): error:  #20: identifier "USART_FLAG_TC" is undefined
usart2.c(291): warning:  #223-D: function "USART_SendData" declared implicitly
usart2.c(292): warning:  #223-D: function "USART_GetFlagStatus" declared implicitly
usart2.c(292): error:  #20: identifier "USART_FLAG_TC" is undefined
Target not created
Rebuild target 'USART-test'
assembling startup_stm32l1xx_md.s...
compiling system_stm32l1xx.c...
compiling stm32l1xx_gpio.c...
..\FWlib\src\stm32l1xx_gpio.c(122): warning:  #223-D: function "assert_param" declared implicitly
..\FWlib\src\stm32l1xx_gpio.c(184): warning:  #223-D: function "assert_param" declared implicitly
..\FWlib\src\stm32l1xx_gpio.c(260): warning:  #223-D: function "assert_param" declared implicitly
..\FWlib\src\stm32l1xx_gpio.c(304): warning:  #223-D: function "assert_param" declared implicitly
..\FWlib\src\stm32l1xx_gpio.c(326): warning:  #223-D: function "assert_param" declared implicitly
..\FWlib\src\stm32l1xx_gpio.c(343): warning:  #223-D: function "assert_param" declared implicitly
..\FWlib\src\stm32l1xx_gpio.c(365): warning:  #223-D: function "assert_param" declared implicitly
..\FWlib\src\stm32l1xx_gpio.c(383): warning:  #223-D: function "assert_param" declared implicitly
..\FWlib\src\stm32l1xx_gpio.c(402): warning:  #223-D: function "assert_param" declared implicitly
..\FWlib\src\stm32l1xx_gpio.c(422): warning:  #223-D: function "assert_param" declared implicitly
..\FWlib\src\stm32l1xx_gpio.c(446): warning:  #223-D: function "assert_param" declared implicitly
..\FWlib\src\stm32l1xx_gpio.c(460): warning:  #223-D: function "assert_param" declared implicitly
..\FWlib\src\stm32l1xx_gpio.c(532): warning:  #223-D: function "assert_param" declared implicitly
compiling stm32l1xx_rcc.c...
..\FWlib\src\stm32l1xx_rcc.c(247): warning:  #223-D: function "assert_param" declared implicitly
..\FWlib\src\stm32l1xx_rcc.c(307): warning:  #223-D: function "assert_param" declared implicitly
..\FWlib\src\stm32l1xx_rcc.c(335): warning:  #223-D: function "assert_param" declared implicitly
..\FWlib\src\stm32l1xx_rcc.c(371): warning:  #223-D: function "assert_param" declared implicitly
..\FWlib\src\stm32l1xx_rcc.c(391): warning:  #223-D: function "assert_param" declared implicitly
..\FWlib\src\stm32l1xx_rcc.c(423): warning:  #223-D: function "assert_param" declared implicitly
..\FWlib\src\stm32l1xx_rcc.c(448): warning:  #223-D: function "assert_param" declared implicitly
..\FWlib\src\stm32l1xx_rcc.c(472): warning:  #223-D: function "assert_param" declared implicitly
..\FWlib\src\stm32l1xx_rcc.c(519): warning:  #223-D: function "assert_param" declared implicitly
..\FWlib\src\stm32l1xx_rcc.c(540): warning:  #223-D: function "assert_param" declared implicitly
..\FWlib\src\stm32l1xx_rcc.c(559): warning:  #223-D: function "assert_param" declared implicitly
..\FWlib\src\stm32l1xx_rcc.c(573): warning:  #223-D: function "assert_param" declared implicitly
..\FWlib\src\stm32l1xx_rcc.c(603): warning:  #223-D: function "assert_param" declared implicitly
..\FWlib\src\stm32l1xx_rcc.c(722): warning:  #223-D: function "assert_param" declared implicitly
..\FWlib\src\stm32l1xx_rcc.c(776): warning:  #223-D: function "assert_param" declared implicitly
..\FWlib\src\stm32l1xx_rcc.c(807): warning:  #223-D: function "assert_param" declared implicitly
..\FWlib\src\stm32l1xx_rcc.c(838): warning:  #223-D: function "assert_param" declared implicitly
..\FWlib\src\stm32l1xx_rcc.c(1025): warning:  #223-D: function "assert_param" declared implicitly
..\FWlib\src\stm32l1xx_rcc.c(1059): warning:  #223-D: function "assert_param" declared implicitly
..\FWlib\src\stm32l1xx_rcc.c(1075): warning:  #223-D: function "assert_param" declared implicitly
..\FWlib\src\stm32l1xx_rcc.c(1108): warning:  #223-D: function "assert_param" declared implicitly
..\FWlib\src\stm32l1xx_rcc.c(1143): warning:  #223-D: function "assert_param" declared implicitly
..\FWlib\src\stm32l1xx_rcc.c(1190): warning:  #223-D: function "assert_param" declared implicitly
..\FWlib\src\stm32l1xx_rcc.c(1228): warning:  #223-D: function "assert_param" declared implicitly
..\FWlib\src\stm32l1xx_rcc.c(1260): warning:  #223-D: function "assert_param" declared implicitly
..\FWlib\src\stm32l1xx_rcc.c(1304): warning:  #223-D: function "assert_param" declared implicitly
..\FWlib\src\stm32l1xx_rcc.c(1347): warning:  #223-D: function "assert_param" declared implicitly
..\FWlib\src\stm32l1xx_rcc.c(1383): warning:  #223-D: function "assert_param" declared implicitly
..\FWlib\src\stm32l1xx_rcc.c(1432): warning:  #223-D: function "assert_param" declared implicitly
..\FWlib\src\stm32l1xx_rcc.c(1485): warning:  #223-D: function "assert_param" declared implicitly
..\FWlib\src\stm32l1xx_rcc.c(1527): warning:  #223-D: function "assert_param" declared implicitly
..\FWlib\src\stm32l1xx_rcc.c(1587): warning:  #223-D: function "assert_param" declared implicitly
..\FWlib\src\stm32l1xx_rcc.c(1619): warning:  #223-D: function "assert_param" declared implicitly
compiling stm32l1xx_usart.c...
..\FWlib\src\stm32l1xx_usart.c(176): warning:  #223-D: function "assert_param" declared implicitly
..\FWlib\src\stm32l1xx_usart.c(226): warning:  #223-D: function "assert_param" declared implicitly
..\FWlib\src\stm32l1xx_usart.c(352): warning:  #223-D: function "assert_param" declared implicitly
..\FWlib\src\stm32l1xx_usart.c(400): warning:  #223-D: function "assert_param" declared implicitly
..\FWlib\src\stm32l1xx_usart.c(427): warning:  #223-D: function "assert_param" declared implicitly
..\FWlib\src\stm32l1xx_usart.c(451): warning:  #223-D: function "assert_param" declared implicitly
..\FWlib\src\stm32l1xx_usart.c(478): warning:  #223-D: function "assert_param" declared implicitly
..\FWlib\src\stm32l1xx_usart.c(532): warning:  #223-D: function "assert_param" declared implicitly
..\FWlib\src\stm32l1xx_usart.c(549): warning:  #223-D: function "assert_param" declared implicitly
..\FWlib\src\stm32l1xx_usart.c(601): warning:  #223-D: function "assert_param" declared implicitly
..\FWlib\src\stm32l1xx_usart.c(622): warning:  #223-D: function "assert_param" declared implicitly
..\FWlib\src\stm32l1xx_usart.c(650): warning:  #223-D: function "assert_param" declared implicitly
..\FWlib\src\stm32l1xx_usart.c(715): warning:  #223-D: function "assert_param" declared implicitly
..\FWlib\src\stm32l1xx_usart.c(734): warning:  #223-D: function "assert_param" declared implicitly
..\FWlib\src\stm32l1xx_usart.c(759): warning:  #223-D: function "assert_param" declared implicitly
..\FWlib\src\stm32l1xx_usart.c(808): warning:  #223-D: function "assert_param" declared implicitly
..\FWlib\src\stm32l1xx_usart.c(890): warning:  #223-D: function "assert_param" declared implicitly
..\FWlib\src\stm32l1xx_usart.c(910): warning:  #223-D: function "assert_param" declared implicitly
..\FWlib\src\stm32l1xx_usart.c(936): warning:  #223-D: function "assert_param" declared implicitly
..\FWlib\src\stm32l1xx_usart.c(1008): warning:  #223-D: function "assert_param" declared implicitly
..\FWlib\src\stm32l1xx_usart.c(1027): warning:  #223-D: function "assert_param" declared implicitly
..\FWlib\src\stm32l1xx_usart.c(1074): warning:  #223-D: function "assert_param" declared implicitly
..\FWlib\src\stm32l1xx_usart.c(1205): warning:  #223-D: function "assert_param" declared implicitly
..\FWlib\src\stm32l1xx_usart.c(1269): warning:  #223-D: function "assert_param" declared implicitly
..\FWlib\src\stm32l1xx_usart.c(1318): warning:  #223-D: function "assert_param" declared implicitly
..\FWlib\src\stm32l1xx_usart.c(1355): warning:  #223-D: function "assert_param" declared implicitly
..\FWlib\src\stm32l1xx_usart.c(1429): warning:  #223-D: function "assert_param" declared implicitly
compiling main.c...
main.c(33): warning:  #177-D: variable "i" was declared but never referenced
compiling usart1.c...
usart1.c(32): error:  #20: identifier "GPIO_InitTypeDef" is undefined
usart1.c(33): error:  #20: identifier "USART_InitTypeDef" is undefined
usart1.c(34): error:  #20: identifier "NVIC_InitTypeDef" is undefined
usart1.c(37): warning:  #223-D: function "RCC_APB2PeriphClockCmd" declared implicitly
usart1.c(37): error:  #20: identifier "RCC_APB2Periph_USART1" is undefined
usart1.c(37): error:  #20: identifier "RCC_APB2Periph_GPIOB" is undefined
usart1.c(41): error:  #20: identifier "GPIO_Pin_6" is undefined
usart1.c(42): error:  #20: identifier "GPIO_Mode_AF_PP" is undefined
usart1.c(43): error:  #20: identifier "GPIO_Speed_50MHz" is undefined
usart1.c(44): warning:  #223-D: function "GPIO_Init" declared implicitly
usart1.c(46): error:  #20: identifier "GPIO_Pin_7" is undefined
usart1.c(47): error:  #20: identifier "GPIO_Mode_IN_FLOATING" is undefined
usart1.c(52): error:  #20: identifier "USART_WordLength_8b" is undefined
usart1.c(53): error:  #20: identifier "USART_StopBits_1" is undefined
usart1.c(54): error:  #20: identifier "USART_Parity_No" is undefined
usart1.c(55): error:  #20: identifier "USART_HardwareFlowControl_None" is undefined
usart1.c(56): error:  #20: identifier "USART_Mode_Rx" is undefined
usart1.c(56): error:  #20: identifier "USART_Mode_Tx" is undefined
usart1.c(57): warning:  #223-D: function "USART_Init" declared implicitly
usart1.c(64): warning:  #223-D: function "NVIC_Init" declared implicitly
usart1.c(66): warning:  #223-D: function "USART_ITConfig" declared implicitly
usart1.c(66): error:  #20: identifier "USART_IT_RXNE" is undefined
usart1.c(68): warning:  #223-D: function "USART_Cmd" declared implicitly
usart1.c(70): warning:  #223-D: function "USART_ClearFlag" declared implicitly
usart1.c(70): error:  #20: identifier "USART_FLAG_TC" is undefined
usart1.c(162): warning:  #223-D: function "USART_GetFlagStatus" declared implicitly
usart1.c(162): error:  #20: identifier "USART_FLAG_TC" is undefined
usart1.c(163): warning:  #223-D: function "USART_SendData" declared implicitly
usart1.c(177): error:  #20: identifier "u8" is undefined
usart1.c(179): warning:  #223-D: function "USART_GetITStatus" declared implicitly
usart1.c(179): error:  #20: identifier "USART_IT_RXNE" is undefined
usart1.c(181): warning:  #223-D: function "USART_ReceiveData" declared implicitly
usart1.c(243): warning:  #223-D: function "USART_SendData" declared implicitly
usart1.c(265): warning:  #223-D: function "USART_SendData" declared implicitly
usart1.c(266): warning:  #223-D: function "USART_GetFlagStatus" declared implicitly
usart1.c(266): error:  #20: identifier "USART_FLAG_TC" is undefined
usart1.c(276): warning:  #223-D: function "USART_SendData" declared implicitly
usart1.c(277): warning:  #223-D: function "USART_GetFlagStatus" declared implicitly
usart1.c(277): error:  #20: identifier "USART_FLAG_TC" is undefined
usart1.c(286): warning:  #223-D: function "USART_SendData" declared implicitly
usart1.c(287): warning:  #223-D: function "USART_GetFlagStatus" declared implicitly
usart1.c(287): error:  #20: identifier "USART_FLAG_TC" is undefined
compiling usart2.c...
usart2.c(21): error:  #20: identifier "vu8" is undefined
usart2.c(22): error:  #20: identifier "vu8" is undefined
usart2.c(23): error:  #20: identifier "vu16" is undefined
usart2.c(34): error:  #20: identifier "GPIO_InitTypeDef" is undefined
usart2.c(35): error:  #20: identifier "USART_InitTypeDef" is undefined
usart2.c(36): error:  #20: identifier "NVIC_InitTypeDef" is undefined
usart2.c(39): warning:  #223-D: function "RCC_APB2PeriphClockCmd" declared implicitly
usart2.c(39): error:  #20: identifier "RCC_APB2Periph_GPIOA" is undefined
usart2.c(40): warning:  #223-D: function "RCC_APB1PeriphClockCmd" declared implicitly
usart2.c(40): error:  #20: identifier "RCC_APB1Periph_USART2" is undefined
usart2.c(44): error:  #20: identifier "GPIO_Pin_2" is undefined
usart2.c(45): error:  #20: identifier "GPIO_Mode_AF_PP" is undefined
usart2.c(46): error:  #20: identifier "GPIO_Speed_50MHz" is undefined
usart2.c(47): warning:  #223-D: function "GPIO_Init" declared implicitly
usart2.c(50): error:  #20: identifier "GPIO_Pin_3" is undefined
usart2.c(51): error:  #20: identifier "GPIO_Mode_IN_FLOATING" is undefined
usart2.c(56): error:  #20: identifier "USART_WordLength_8b" is undefined
usart2.c(57): error:  #20: identifier "USART_StopBits_1" is undefined
usart2.c(58): error:  #20: identifier "USART_Parity_No" is undefined
usart2.c(59): error:  #20: identifier "USART_HardwareFlowControl_None" is undefined
usart2.c(60): error:  #20: identifier "USART_Mode_Rx" is undefined
usart2.c(60): error:  #20: identifier "USART_Mode_Tx" is undefined
usart2.c(61): warning:  #223-D: function "USART_Init" declared implicitly
usart2.c(68): warning:  #223-D: function "NVIC_Init" declared implicitly
usart2.c(70): warning:  #223-D: function "USART_ITConfig" declared implicitly
usart2.c(70): error:  #20: identifier "USART_IT_RXNE" is undefined
usart2.c(72): warning:  #223-D: function "USART_Cmd" declared implicitly
usart2.c(74): warning:  #223-D: function "USART_ClearFlag" declared implicitly
usart2.c(74): error:  #20: identifier "USART_FLAG_TC" is undefined
usart2.c(167): warning:  #223-D: function "USART_GetFlagStatus" declared implicitly
usart2.c(167): error:  #20: identifier "USART_FLAG_TC" is undefined
usart2.c(168): warning:  #223-D: function "USART_SendData" declared implicitly
usart2.c(182): error:  #20: identifier "u8" is undefined
usart2.c(184): warning:  #223-D: function "USART_GetITStatus" declared implicitly
usart2.c(184): error:  #20: identifier "USART_IT_RXNE" is undefined
usart2.c(186): warning:  #223-D: function "USART_ReceiveData" declared implicitly
usart2.c(248): warning:  #223-D: function "USART_SendData" declared implicitly
usart2.c(270): warning:  #223-D: function "USART_SendData" declared implicitly
usart2.c(271): warning:  #223-D: function "USART_GetFlagStatus" declared implicitly
usart2.c(271): error:  #20: identifier "USART_FLAG_TC" is undefined
usart2.c(281): warning:  #223-D: function "USART_SendData" declared implicitly
usart2.c(282): warning:  #223-D: function "USART_GetFlagStatus" declared implicitly
usart2.c(282): error:  #20: identifier "USART_FLAG_TC" is undefined
usart2.c(291): warning:  #223-D: function "USART_SendData" declared implicitly
usart2.c(292): warning:  #223-D: function "USART_GetFlagStatus" declared implicitly
usart2.c(292): error:  #20: identifier "USART_FLAG_TC" is undefined
Target not created
Rebuild target 'USART-test'
assembling startup_stm32l1xx_md.s...
compiling system_stm32l1xx.c...
compiling stm32l1xx_gpio.c...
..\FWlib\src\stm32l1xx_gpio.c(122): warning:  #223-D: function "assert_param" declared implicitly
..\FWlib\src\stm32l1xx_gpio.c(184): warning:  #223-D: function "assert_param" declared implicitly
..\FWlib\src\stm32l1xx_gpio.c(260): warning:  #223-D: function "assert_param" declared implicitly
..\FWlib\src\stm32l1xx_gpio.c(304): warning:  #223-D: function "assert_param" declared implicitly
..\FWlib\src\stm32l1xx_gpio.c(326): warning:  #223-D: function "assert_param" declared implicitly
..\FWlib\src\stm32l1xx_gpio.c(343): warning:  #223-D: function "assert_param" declared implicitly
..\FWlib\src\stm32l1xx_gpio.c(365): warning:  #223-D: function "assert_param" declared implicitly
..\FWlib\src\stm32l1xx_gpio.c(383): warning:  #223-D: function "assert_param" declared implicitly
..\FWlib\src\stm32l1xx_gpio.c(402): warning:  #223-D: function "assert_param" declared implicitly
..\FWlib\src\stm32l1xx_gpio.c(422): warning:  #223-D: function "assert_param" declared implicitly
..\FWlib\src\stm32l1xx_gpio.c(446): warning:  #223-D: function "assert_param" declared implicitly
..\FWlib\src\stm32l1xx_gpio.c(460): warning:  #223-D: function "assert_param" declared implicitly
..\FWlib\src\stm32l1xx_gpio.c(532): warning:  #223-D: function "assert_param" declared implicitly
compiling stm32l1xx_rcc.c...
..\FWlib\src\stm32l1xx_rcc.c(247): warning:  #223-D: function "assert_param" declared implicitly
..\FWlib\src\stm32l1xx_rcc.c(307): warning:  #223-D: function "assert_param" declared implicitly
..\FWlib\src\stm32l1xx_rcc.c(335): warning:  #223-D: function "assert_param" declared implicitly
..\FWlib\src\stm32l1xx_rcc.c(371): warning:  #223-D: function "assert_param" declared implicitly
..\FWlib\src\stm32l1xx_rcc.c(391): warning:  #223-D: function "assert_param" declared implicitly
..\FWlib\src\stm32l1xx_rcc.c(423): warning:  #223-D: function "assert_param" declared implicitly
..\FWlib\src\stm32l1xx_rcc.c(448): warning:  #223-D: function "assert_param" declared implicitly
..\FWlib\src\stm32l1xx_rcc.c(472): warning:  #223-D: function "assert_param" declared implicitly
..\FWlib\src\stm32l1xx_rcc.c(519): warning:  #223-D: function "assert_param" declared implicitly
..\FWlib\src\stm32l1xx_rcc.c(540): warning:  #223-D: function "assert_param" declared implicitly
..\FWlib\src\stm32l1xx_rcc.c(559): warning:  #223-D: function "assert_param" declared implicitly
..\FWlib\src\stm32l1xx_rcc.c(573): warning:  #223-D: function "assert_param" declared implicitly
..\FWlib\src\stm32l1xx_rcc.c(603): warning:  #223-D: function "assert_param" declared implicitly
..\FWlib\src\stm32l1xx_rcc.c(722): warning:  #223-D: function "assert_param" declared implicitly
..\FWlib\src\stm32l1xx_rcc.c(776): warning:  #223-D: function "assert_param" declared implicitly
..\FWlib\src\stm32l1xx_rcc.c(807): warning:  #223-D: function "assert_param" declared implicitly
..\FWlib\src\stm32l1xx_rcc.c(838): warning:  #223-D: function "assert_param" declared implicitly
..\FWlib\src\stm32l1xx_rcc.c(1025): warning:  #223-D: function "assert_param" declared implicitly
..\FWlib\src\stm32l1xx_rcc.c(1059): warning:  #223-D: function "assert_param" declared implicitly
..\FWlib\src\stm32l1xx_rcc.c(1075): warning:  #223-D: function "assert_param" declared implicitly
..\FWlib\src\stm32l1xx_rcc.c(1108): warning:  #223-D: function "assert_param" declared implicitly
..\FWlib\src\stm32l1xx_rcc.c(1143): warning:  #223-D: function "assert_param" declared implicitly
..\FWlib\src\stm32l1xx_rcc.c(1190): warning:  #223-D: function "assert_param" declared implicitly
..\FWlib\src\stm32l1xx_rcc.c(1228): warning:  #223-D: function "assert_param" declared implicitly
..\FWlib\src\stm32l1xx_rcc.c(1260): warning:  #223-D: function "assert_param" declared implicitly
..\FWlib\src\stm32l1xx_rcc.c(1304): warning:  #223-D: function "assert_param" declared implicitly
..\FWlib\src\stm32l1xx_rcc.c(1347): warning:  #223-D: function "assert_param" declared implicitly
..\FWlib\src\stm32l1xx_rcc.c(1383): warning:  #223-D: function "assert_param" declared implicitly
..\FWlib\src\stm32l1xx_rcc.c(1432): warning:  #223-D: function "assert_param" declared implicitly
..\FWlib\src\stm32l1xx_rcc.c(1485): warning:  #223-D: function "assert_param" declared implicitly
..\FWlib\src\stm32l1xx_rcc.c(1527): warning:  #223-D: function "assert_param" declared implicitly
..\FWlib\src\stm32l1xx_rcc.c(1587): warning:  #223-D: function "assert_param" declared implicitly
..\FWlib\src\stm32l1xx_rcc.c(1619): warning:  #223-D: function "assert_param" declared implicitly
compiling stm32l1xx_usart.c...
..\FWlib\src\stm32l1xx_usart.c(176): warning:  #223-D: function "assert_param" declared implicitly
..\FWlib\src\stm32l1xx_usart.c(226): warning:  #223-D: function "assert_param" declared implicitly
..\FWlib\src\stm32l1xx_usart.c(352): warning:  #223-D: function "assert_param" declared implicitly
..\FWlib\src\stm32l1xx_usart.c(400): warning:  #223-D: function "assert_param" declared implicitly
..\FWlib\src\stm32l1xx_usart.c(427): warning:  #223-D: function "assert_param" declared implicitly
..\FWlib\src\stm32l1xx_usart.c(451): warning:  #223-D: function "assert_param" declared implicitly
..\FWlib\src\stm32l1xx_usart.c(478): warning:  #223-D: function "assert_param" declared implicitly
..\FWlib\src\stm32l1xx_usart.c(532): warning:  #223-D: function "assert_param" declared implicitly
..\FWlib\src\stm32l1xx_usart.c(549): warning:  #223-D: function "assert_param" declared implicitly
..\FWlib\src\stm32l1xx_usart.c(601): warning:  #223-D: function "assert_param" declared implicitly
..\FWlib\src\stm32l1xx_usart.c(622): warning:  #223-D: function "assert_param" declared implicitly
..\FWlib\src\stm32l1xx_usart.c(650): warning:  #223-D: function "assert_param" declared implicitly
..\FWlib\src\stm32l1xx_usart.c(715): warning:  #223-D: function "assert_param" declared implicitly
..\FWlib\src\stm32l1xx_usart.c(734): warning:  #223-D: function "assert_param" declared implicitly
..\FWlib\src\stm32l1xx_usart.c(759): warning:  #223-D: function "assert_param" declared implicitly
..\FWlib\src\stm32l1xx_usart.c(808): warning:  #223-D: function "assert_param" declared implicitly
..\FWlib\src\stm32l1xx_usart.c(890): warning:  #223-D: function "assert_param" declared implicitly
..\FWlib\src\stm32l1xx_usart.c(910): warning:  #223-D: function "assert_param" declared implicitly
..\FWlib\src\stm32l1xx_usart.c(936): warning:  #223-D: function "assert_param" declared implicitly
..\FWlib\src\stm32l1xx_usart.c(1008): warning:  #223-D: function "assert_param" declared implicitly
..\FWlib\src\stm32l1xx_usart.c(1027): warning:  #223-D: function "assert_param" declared implicitly
..\FWlib\src\stm32l1xx_usart.c(1074): warning:  #223-D: function "assert_param" declared implicitly
..\FWlib\src\stm32l1xx_usart.c(1205): warning:  #223-D: function "assert_param" declared implicitly
..\FWlib\src\stm32l1xx_usart.c(1269): warning:  #223-D: function "assert_param" declared implicitly
..\FWlib\src\stm32l1xx_usart.c(1318): warning:  #223-D: function "assert_param" declared implicitly
..\FWlib\src\stm32l1xx_usart.c(1355): warning:  #223-D: function "assert_param" declared implicitly
..\FWlib\src\stm32l1xx_usart.c(1429): warning:  #223-D: function "assert_param" declared implicitly
compiling main.c...
main.c(33): warning:  #177-D: variable "i" was declared but never referenced
compiling usart1.c...
usart1.c(32): error:  #20: identifier "GPIO_InitTypeDef" is undefined
usart1.c(33): error:  #20: identifier "USART_InitTypeDef" is undefined
usart1.c(34): error:  #20: identifier "NVIC_InitTypeDef" is undefined
usart1.c(37): warning:  #223-D: function "RCC_APB2PeriphClockCmd" declared implicitly
usart1.c(37): error:  #20: identifier "RCC_APB2Periph_USART1" is undefined
usart1.c(37): error:  #20: identifier "RCC_APB2Periph_GPIOB" is undefined
usart1.c(41): error:  #20: identifier "GPIO_Pin_6" is undefined
usart1.c(42): error:  #20: identifier "GPIO_Mode_AF_PP" is undefined
usart1.c(43): error:  #20: identifier "GPIO_Speed_50MHz" is undefined
usart1.c(44): warning:  #223-D: function "GPIO_Init" declared implicitly
usart1.c(46): error:  #20: identifier "GPIO_Pin_7" is undefined
usart1.c(47): error:  #20: identifier "GPIO_Mode_IN_FLOATING" is undefined
usart1.c(52): error:  #20: identifier "USART_WordLength_8b" is undefined
usart1.c(53): error:  #20: identifier "USART_StopBits_1" is undefined
usart1.c(54): error:  #20: identifier "USART_Parity_No" is undefined
usart1.c(55): error:  #20: identifier "USART_HardwareFlowControl_None" is undefined
usart1.c(56): error:  #20: identifier "USART_Mode_Rx" is undefined
usart1.c(56): error:  #20: identifier "USART_Mode_Tx" is undefined
usart1.c(57): warning:  #223-D: function "USART_Init" declared implicitly
usart1.c(64): warning:  #223-D: function "NVIC_Init" declared implicitly
usart1.c(66): warning:  #223-D: function "USART_ITConfig" declared implicitly
usart1.c(66): error:  #20: identifier "USART_IT_RXNE" is undefined
usart1.c(68): warning:  #223-D: function "USART_Cmd" declared implicitly
usart1.c(70): warning:  #223-D: function "USART_ClearFlag" declared implicitly
usart1.c(70): error:  #20: identifier "USART_FLAG_TC" is undefined
usart1.c(162): warning:  #223-D: function "USART_GetFlagStatus" declared implicitly
usart1.c(162): error:  #20: identifier "USART_FLAG_TC" is undefined
usart1.c(163): warning:  #223-D: function "USART_SendData" declared implicitly
usart1.c(177): error:  #20: identifier "u8" is undefined
usart1.c(179): warning:  #223-D: function "USART_GetITStatus" declared implicitly
usart1.c(179): error:  #20: identifier "USART_IT_RXNE" is undefined
usart1.c(181): warning:  #223-D: function "USART_ReceiveData" declared implicitly
usart1.c(243): warning:  #223-D: function "USART_SendData" declared implicitly
usart1.c(265): warning:  #223-D: function "USART_SendData" declared implicitly
usart1.c(266): warning:  #223-D: function "USART_GetFlagStatus" declared implicitly
usart1.c(266): error:  #20: identifier "USART_FLAG_TC" is undefined
usart1.c(276): warning:  #223-D: function "USART_SendData" declared implicitly
usart1.c(277): warning:  #223-D: function "USART_GetFlagStatus" declared implicitly
usart1.c(277): error:  #20: identifier "USART_FLAG_TC" is undefined
usart1.c(286): warning:  #223-D: function "USART_SendData" declared implicitly
usart1.c(287): warning:  #223-D: function "USART_GetFlagStatus" declared implicitly
usart1.c(287): error:  #20: identifier "USART_FLAG_TC" is undefined
compiling usart2.c...
usart2.c(21): error:  #20: identifier "vu8" is undefined
usart2.c(22): error:  #20: identifier "vu8" is undefined
usart2.c(23): error:  #20: identifier "vu16" is undefined
usart2.c(34): error:  #20: identifier "GPIO_InitTypeDef" is undefined
usart2.c(35): error:  #20: identifier "USART_InitTypeDef" is undefined
usart2.c(36): error:  #20: identifier "NVIC_InitTypeDef" is undefined
usart2.c(39): warning:  #223-D: function "RCC_APB2PeriphClockCmd" declared implicitly
usart2.c(39): error:  #20: identifier "RCC_APB2Periph_GPIOA" is undefined
usart2.c(40): warning:  #223-D: function "RCC_APB1PeriphClockCmd" declared implicitly
usart2.c(40): error:  #20: identifier "RCC_APB1Periph_USART2" is undefined
usart2.c(44): error:  #20: identifier "GPIO_Pin_2" is undefined
usart2.c(45): error:  #20: identifier "GPIO_Mode_AF_PP" is undefined
usart2.c(46): error:  #20: identifier "GPIO_Speed_50MHz" is undefined
usart2.c(47): warning:  #223-D: function "GPIO_Init" declared implicitly
usart2.c(50): error:  #20: identifier "GPIO_Pin_3" is undefined
usart2.c(51): error:  #20: identifier "GPIO_Mode_IN_FLOATING" is undefined
usart2.c(56): error:  #20: identifier "USART_WordLength_8b" is undefined
usart2.c(57): error:  #20: identifier "USART_StopBits_1" is undefined
usart2.c(58): error:  #20: identifier "USART_Parity_No" is undefined
usart2.c(59): error:  #20: identifier "USART_HardwareFlowControl_None" is undefined
usart2.c(60): error:  #20: identifier "USART_Mode_Rx" is undefined
usart2.c(60): error:  #20: identifier "USART_Mode_Tx" is undefined
usart2.c(61): warning:  #223-D: function "USART_Init" declared implicitly
usart2.c(68): warning:  #223-D: function "NVIC_Init" declared implicitly
usart2.c(70): warning:  #223-D: function "USART_ITConfig" declared implicitly
usart2.c(70): error:  #20: identifier "USART_IT_RXNE" is undefined
usart2.c(72): warning:  #223-D: function "USART_Cmd" declared implicitly
usart2.c(74): warning:  #223-D: function "USART_ClearFlag" declared implicitly
usart2.c(74): error:  #20: identifier "USART_FLAG_TC" is undefined
usart2.c(167): warning:  #223-D: function "USART_GetFlagStatus" declared implicitly
usart2.c(167): error:  #20: identifier "USART_FLAG_TC" is undefined
usart2.c(168): warning:  #223-D: function "USART_SendData" declared implicitly
usart2.c(182): error:  #20: identifier "u8" is undefined
usart2.c(184): warning:  #223-D: function "USART_GetITStatus" declared implicitly
usart2.c(184): error:  #20: identifier "USART_IT_RXNE" is undefined
usart2.c(186): warning:  #223-D: function "USART_ReceiveData" declared implicitly
usart2.c(248): warning:  #223-D: function "USART_SendData" declared implicitly
usart2.c(270): warning:  #223-D: function "USART_SendData" declared implicitly
usart2.c(271): warning:  #223-D: function "USART_GetFlagStatus" declared implicitly
usart2.c(271): error:  #20: identifier "USART_FLAG_TC" is undefined
usart2.c(281): warning:  #223-D: function "USART_SendData" declared implicitly
usart2.c(282): warning:  #223-D: function "USART_GetFlagStatus" declared implicitly
usart2.c(282): error:  #20: identifier "USART_FLAG_TC" is undefined
usart2.c(291): warning:  #223-D: function "USART_SendData" declared implicitly
usart2.c(292): warning:  #223-D: function "USART_GetFlagStatus" declared implicitly
usart2.c(292): error:  #20: identifier "USART_FLAG_TC" is undefined
Target not created
Rebuild target 'USART-test'
assembling startup_stm32l1xx_md.s...
compiling system_stm32l1xx.c...
compiling stm32l1xx_gpio.c...
..\FWlib\src\stm32l1xx_gpio.c(122): warning:  #223-D: function "assert_param" declared implicitly
..\FWlib\src\stm32l1xx_gpio.c(184): warning:  #223-D: function "assert_param" declared implicitly
..\FWlib\src\stm32l1xx_gpio.c(260): warning:  #223-D: function "assert_param" declared implicitly
..\FWlib\src\stm32l1xx_gpio.c(304): warning:  #223-D: function "assert_param" declared implicitly
..\FWlib\src\stm32l1xx_gpio.c(326): warning:  #223-D: function "assert_param" declared implicitly
..\FWlib\src\stm32l1xx_gpio.c(343): warning:  #223-D: function "assert_param" declared implicitly
..\FWlib\src\stm32l1xx_gpio.c(365): warning:  #223-D: function "assert_param" declared implicitly
..\FWlib\src\stm32l1xx_gpio.c(383): warning:  #223-D: function "assert_param" declared implicitly
..\FWlib\src\stm32l1xx_gpio.c(402): warning:  #223-D: function "assert_param" declared implicitly
..\FWlib\src\stm32l1xx_gpio.c(422): warning:  #223-D: function "assert_param" declared implicitly
..\FWlib\src\stm32l1xx_gpio.c(446): warning:  #223-D: function "assert_param" declared implicitly
..\FWlib\src\stm32l1xx_gpio.c(460): warning:  #223-D: function "assert_param" declared implicitly
..\FWlib\src\stm32l1xx_gpio.c(532): warning:  #223-D: function "assert_param" declared implicitly
compiling stm32l1xx_rcc.c...
..\FWlib\src\stm32l1xx_rcc.c(247): warning:  #223-D: function "assert_param" declared implicitly
..\FWlib\src\stm32l1xx_rcc.c(307): warning:  #223-D: function "assert_param" declared implicitly
..\FWlib\src\stm32l1xx_rcc.c(335): warning:  #223-D: function "assert_param" declared implicitly
..\FWlib\src\stm32l1xx_rcc.c(371): warning:  #223-D: function "assert_param" declared implicitly
..\FWlib\src\stm32l1xx_rcc.c(391): warning:  #223-D: function "assert_param" declared implicitly
..\FWlib\src\stm32l1xx_rcc.c(423): warning:  #223-D: function "assert_param" declared implicitly
..\FWlib\src\stm32l1xx_rcc.c(448): warning:  #223-D: function "assert_param" declared implicitly
..\FWlib\src\stm32l1xx_rcc.c(472): warning:  #223-D: function "assert_param" declared implicitly
..\FWlib\src\stm32l1xx_rcc.c(519): warning:  #223-D: function "assert_param" declared implicitly
..\FWlib\src\stm32l1xx_rcc.c(540): warning:  #223-D: function "assert_param" declared implicitly
..\FWlib\src\stm32l1xx_rcc.c(559): warning:  #223-D: function "assert_param" declared implicitly
..\FWlib\src\stm32l1xx_rcc.c(573): warning:  #223-D: function "assert_param" declared implicitly
..\FWlib\src\stm32l1xx_rcc.c(603): warning:  #223-D: function "assert_param" declared implicitly
..\FWlib\src\stm32l1xx_rcc.c(722): warning:  #223-D: function "assert_param" declared implicitly
..\FWlib\src\stm32l1xx_rcc.c(776): warning:  #223-D: function "assert_param" declared implicitly
..\FWlib\src\stm32l1xx_rcc.c(807): warning:  #223-D: function "assert_param" declared implicitly
..\FWlib\src\stm32l1xx_rcc.c(838): warning:  #223-D: function "assert_param" declared implicitly
..\FWlib\src\stm32l1xx_rcc.c(1025): warning:  #223-D: function "assert_param" declared implicitly
..\FWlib\src\stm32l1xx_rcc.c(1059): warning:  #223-D: function "assert_param" declared implicitly
..\FWlib\src\stm32l1xx_rcc.c(1075): warning:  #223-D: function "assert_param" declared implicitly
..\FWlib\src\stm32l1xx_rcc.c(1108): warning:  #223-D: function "assert_param" declared implicitly
..\FWlib\src\stm32l1xx_rcc.c(1143): warning:  #223-D: function "assert_param" declared implicitly
..\FWlib\src\stm32l1xx_rcc.c(1190): warning:  #223-D: function "assert_param" declared implicitly
..\FWlib\src\stm32l1xx_rcc.c(1228): warning:  #223-D: function "assert_param" declared implicitly
..\FWlib\src\stm32l1xx_rcc.c(1260): warning:  #223-D: function "assert_param" declared implicitly
..\FWlib\src\stm32l1xx_rcc.c(1304): warning:  #223-D: function "assert_param" declared implicitly
..\FWlib\src\stm32l1xx_rcc.c(1347): warning:  #223-D: function "assert_param" declared implicitly
..\FWlib\src\stm32l1xx_rcc.c(1383): warning:  #223-D: function "assert_param" declared implicitly
..\FWlib\src\stm32l1xx_rcc.c(1432): warning:  #223-D: function "assert_param" declared implicitly
..\FWlib\src\stm32l1xx_rcc.c(1485): warning:  #223-D: function "assert_param" declared implicitly
..\FWlib\src\stm32l1xx_rcc.c(1527): warning:  #223-D: function "assert_param" declared implicitly
..\FWlib\src\stm32l1xx_rcc.c(1587): warning:  #223-D: function "assert_param" declared implicitly
..\FWlib\src\stm32l1xx_rcc.c(1619): warning:  #223-D: function "assert_param" declared implicitly
compiling stm32l1xx_usart.c...
..\FWlib\src\stm32l1xx_usart.c(176): warning:  #223-D: function "assert_param" declared implicitly
..\FWlib\src\stm32l1xx_usart.c(226): warning:  #223-D: function "assert_param" declared implicitly
..\FWlib\src\stm32l1xx_usart.c(352): warning:  #223-D: function "assert_param" declared implicitly
..\FWlib\src\stm32l1xx_usart.c(400): warning:  #223-D: function "assert_param" declared implicitly
..\FWlib\src\stm32l1xx_usart.c(427): warning:  #223-D: function "assert_param" declared implicitly
..\FWlib\src\stm32l1xx_usart.c(451): warning:  #223-D: function "assert_param" declared implicitly
..\FWlib\src\stm32l1xx_usart.c(478): warning:  #223-D: function "assert_param" declared implicitly
..\FWlib\src\stm32l1xx_usart.c(532): warning:  #223-D: function "assert_param" declared implicitly
..\FWlib\src\stm32l1xx_usart.c(549): warning:  #223-D: function "assert_param" declared implicitly
..\FWlib\src\stm32l1xx_usart.c(601): warning:  #223-D: function "assert_param" declared implicitly
..\FWlib\src\stm32l1xx_usart.c(622): warning:  #223-D: function "assert_param" declared implicitly
..\FWlib\src\stm32l1xx_usart.c(650): warning:  #223-D: function "assert_param" declared implicitly
..\FWlib\src\stm32l1xx_usart.c(715): warning:  #223-D: function "assert_param" declared implicitly
..\FWlib\src\stm32l1xx_usart.c(734): warning:  #223-D: function "assert_param" declared implicitly
..\FWlib\src\stm32l1xx_usart.c(759): warning:  #223-D: function "assert_param" declared implicitly
..\FWlib\src\stm32l1xx_usart.c(808): warning:  #223-D: function "assert_param" declared implicitly
..\FWlib\src\stm32l1xx_usart.c(890): warning:  #223-D: function "assert_param" declared implicitly
..\FWlib\src\stm32l1xx_usart.c(910): warning:  #223-D: function "assert_param" declared implicitly
..\FWlib\src\stm32l1xx_usart.c(936): warning:  #223-D: function "assert_param" declared implicitly
..\FWlib\src\stm32l1xx_usart.c(1008): warning:  #223-D: function "assert_param" declared implicitly
..\FWlib\src\stm32l1xx_usart.c(1027): warning:  #223-D: function "assert_param" declared implicitly
..\FWlib\src\stm32l1xx_usart.c(1074): warning:  #223-D: function "assert_param" declared implicitly
..\FWlib\src\stm32l1xx_usart.c(1205): warning:  #223-D: function "assert_param" declared implicitly
..\FWlib\src\stm32l1xx_usart.c(1269): warning:  #223-D: function "assert_param" declared implicitly
..\FWlib\src\stm32l1xx_usart.c(1318): warning:  #223-D: function "assert_param" declared implicitly
..\FWlib\src\stm32l1xx_usart.c(1355): warning:  #223-D: function "assert_param" declared implicitly
..\FWlib\src\stm32l1xx_usart.c(1429): warning:  #223-D: function "assert_param" declared implicitly
compiling main.c...
main.c(33): warning:  #177-D: variable "i" was declared but never referenced
compiling usart1.c...
usart1.c(32): error:  #20: identifier "GPIO_InitTypeDef" is undefined
usart1.c(33): error:  #20: identifier "USART_InitTypeDef" is undefined
usart1.c(34): error:  #20: identifier "NVIC_InitTypeDef" is undefined
usart1.c(37): warning:  #223-D: function "RCC_APB2PeriphClockCmd" declared implicitly
usart1.c(37): error:  #20: identifier "RCC_APB2Periph_USART1" is undefined
usart1.c(37): error:  #20: identifier "RCC_APB2Periph_GPIOB" is undefined
usart1.c(41): error:  #20: identifier "GPIO_Pin_6" is undefined
usart1.c(42): error:  #20: identifier "GPIO_Mode_AF_PP" is undefined
usart1.c(43): error:  #20: identifier "GPIO_Speed_50MHz" is undefined
usart1.c(44): warning:  #223-D: function "GPIO_Init" declared implicitly
usart1.c(46): error:  #20: identifier "GPIO_Pin_7" is undefined
usart1.c(47): error:  #20: identifier "GPIO_Mode_IN_FLOATING" is undefined
usart1.c(52): error:  #20: identifier "USART_WordLength_8b" is undefined
usart1.c(53): error:  #20: identifier "USART_StopBits_1" is undefined
usart1.c(54): error:  #20: identifier "USART_Parity_No" is undefined
usart1.c(55): error:  #20: identifier "USART_HardwareFlowControl_None" is undefined
usart1.c(56): error:  #20: identifier "USART_Mode_Rx" is undefined
usart1.c(56): error:  #20: identifier "USART_Mode_Tx" is undefined
usart1.c(57): warning:  #223-D: function "USART_Init" declared implicitly
usart1.c(64): warning:  #223-D: function "NVIC_Init" declared implicitly
usart1.c(66): warning:  #223-D: function "USART_ITConfig" declared implicitly
usart1.c(66): error:  #20: identifier "USART_IT_RXNE" is undefined
usart1.c(68): warning:  #223-D: function "USART_Cmd" declared implicitly
usart1.c(70): warning:  #223-D: function "USART_ClearFlag" declared implicitly
usart1.c(70): error:  #20: identifier "USART_FLAG_TC" is undefined
usart1.c(162): warning:  #223-D: function "USART_GetFlagStatus" declared implicitly
usart1.c(162): error:  #20: identifier "USART_FLAG_TC" is undefined
usart1.c(163): warning:  #223-D: function "USART_SendData" declared implicitly
usart1.c(177): error:  #20: identifier "u8" is undefined
usart1.c(179): warning:  #223-D: function "USART_GetITStatus" declared implicitly
usart1.c(179): error:  #20: identifier "USART_IT_RXNE" is undefined
usart1.c(181): warning:  #223-D: function "USART_ReceiveData" declared implicitly
usart1.c(243): warning:  #223-D: function "USART_SendData" declared implicitly
usart1.c(265): warning:  #223-D: function "USART_SendData" declared implicitly
usart1.c(266): warning:  #223-D: function "USART_GetFlagStatus" declared implicitly
usart1.c(266): error:  #20: identifier "USART_FLAG_TC" is undefined
usart1.c(276): warning:  #223-D: function "USART_SendData" declared implicitly
usart1.c(277): warning:  #223-D: function "USART_GetFlagStatus" declared implicitly
usart1.c(277): error:  #20: identifier "USART_FLAG_TC" is undefined
usart1.c(286): warning:  #223-D: function "USART_SendData" declared implicitly
usart1.c(287): warning:  #223-D: function "USART_GetFlagStatus" declared implicitly
usart1.c(287): error:  #20: identifier "USART_FLAG_TC" is undefined
compiling usart2.c...
usart2.c(21): error:  #20: identifier "vu8" is undefined
usart2.c(22): error:  #20: identifier "vu8" is undefined
usart2.c(23): error:  #20: identifier "vu16" is undefined
usart2.c(34): error:  #20: identifier "GPIO_InitTypeDef" is undefined
usart2.c(35): error:  #20: identifier "USART_InitTypeDef" is undefined
usart2.c(36): error:  #20: identifier "NVIC_InitTypeDef" is undefined
usart2.c(39): warning:  #223-D: function "RCC_APB2PeriphClockCmd" declared implicitly
usart2.c(39): error:  #20: identifier "RCC_APB2Periph_GPIOA" is undefined
usart2.c(40): warning:  #223-D: function "RCC_APB1PeriphClockCmd" declared implicitly
usart2.c(40): error:  #20: identifier "RCC_APB1Periph_USART2" is undefined
usart2.c(44): error:  #20: identifier "GPIO_Pin_2" is undefined
usart2.c(45): error:  #20: identifier "GPIO_Mode_AF_PP" is undefined
usart2.c(46): error:  #20: identifier "GPIO_Speed_50MHz" is undefined
usart2.c(47): warning:  #223-D: function "GPIO_Init" declared implicitly
usart2.c(50): error:  #20: identifier "GPIO_Pin_3" is undefined
usart2.c(51): error:  #20: identifier "GPIO_Mode_IN_FLOATING" is undefined
usart2.c(56): error:  #20: identifier "USART_WordLength_8b" is undefined
usart2.c(57): error:  #20: identifier "USART_StopBits_1" is undefined
usart2.c(58): error:  #20: identifier "USART_Parity_No" is undefined
usart2.c(59): error:  #20: identifier "USART_HardwareFlowControl_None" is undefined
usart2.c(60): error:  #20: identifier "USART_Mode_Rx" is undefined
usart2.c(60): error:  #20: identifier "USART_Mode_Tx" is undefined
usart2.c(61): warning:  #223-D: function "USART_Init" declared implicitly
usart2.c(68): warning:  #223-D: function "NVIC_Init" declared implicitly
usart2.c(70): warning:  #223-D: function "USART_ITConfig" declared implicitly
usart2.c(70): error:  #20: identifier "USART_IT_RXNE" is undefined
usart2.c(72): warning:  #223-D: function "USART_Cmd" declared implicitly
usart2.c(74): warning:  #223-D: function "USART_ClearFlag" declared implicitly
usart2.c(74): error:  #20: identifier "USART_FLAG_TC" is undefined
usart2.c(167): warning:  #223-D: function "USART_GetFlagStatus" declared implicitly
usart2.c(167): error:  #20: identifier "USART_FLAG_TC" is undefined
usart2.c(168): warning:  #223-D: function "USART_SendData" declared implicitly
usart2.c(182): error:  #20: identifier "u8" is undefined
usart2.c(184): warning:  #223-D: function "USART_GetITStatus" declared implicitly
usart2.c(184): error:  #20: identifier "USART_IT_RXNE" is undefined
usart2.c(186): warning:  #223-D: function "USART_ReceiveData" declared implicitly
usart2.c(248): warning:  #223-D: function "USART_SendData" declared implicitly
usart2.c(270): warning:  #223-D: function "USART_SendData" declared implicitly
usart2.c(271): warning:  #223-D: function "USART_GetFlagStatus" declared implicitly
usart2.c(271): error:  #20: identifier "USART_FLAG_TC" is undefined
usart2.c(281): warning:  #223-D: function "USART_SendData" declared implicitly
usart2.c(282): warning:  #223-D: function "USART_GetFlagStatus" declared implicitly
usart2.c(282): error:  #20: identifier "USART_FLAG_TC" is undefined
usart2.c(291): warning:  #223-D: function "USART_SendData" declared implicitly
usart2.c(292): warning:  #223-D: function "USART_GetFlagStatus" declared implicitly
usart2.c(292): error:  #20: identifier "USART_FLAG_TC" is undefined
Target not created
Rebuild target 'USART-test'
assembling startup_stm32l1xx_md.s...
compiling system_stm32l1xx.c...
compiling stm32l1xx_gpio.c...
compiling stm32l1xx_rcc.c...
compiling stm32l1xx_usart.c...
compiling main.c...
main.c(33): warning:  #177-D: variable "i" was declared but never referenced
compiling usart1.c...
usart1.c(37): error:  #20: identifier "RCC_APB2Periph_GPIOB" is undefined
usart1.c(42): error:  #20: identifier "GPIO_Mode_AF_PP" is undefined
usart1.c(43): error:  #20: identifier "GPIO_Speed_50MHz" is undefined
usart1.c(47): error:  #20: identifier "GPIO_Mode_IN_FLOATING" is undefined
usart1.c(177): error:  #20: identifier "u8" is undefined
compiling usart2.c...
usart2.c(21): error:  #20: identifier "vu8" is undefined
usart2.c(22): error:  #20: identifier "vu8" is undefined
usart2.c(23): error:  #20: identifier "vu16" is undefined
usart2.c(39): error:  #20: identifier "RCC_APB2Periph_GPIOA" is undefined
usart2.c(45): error:  #20: identifier "GPIO_Mode_AF_PP" is undefined
usart2.c(46): error:  #20: identifier "GPIO_Speed_50MHz" is undefined
usart2.c(51): error:  #20: identifier "GPIO_Mode_IN_FLOATING" is undefined
usart2.c(182): error:  #20: identifier "u8" is undefined
Target not created
Rebuild target 'USART-test'
assembling startup_stm32l1xx_md.s...
compiling system_stm32l1xx.c...
compiling stm32l1xx_gpio.c...
compiling stm32l1xx_rcc.c...
compiling stm32l1xx_usart.c...
compiling main.c...
main.c(33): warning:  #177-D: variable "i" was declared but never referenced
compiling usart1.c...
usart1.c(37): error:  #20: identifier "RCC_APB2Periph_GPIOB" is undefined
usart1.c(42): error:  #20: identifier "GPIO_Mode_AF_PP" is undefined
usart1.c(43): error:  #20: identifier "GPIO_Speed_50MHz" is undefined
usart1.c(47): error:  #20: identifier "GPIO_Mode_IN_FLOATING" is undefined
usart1.c(177): error:  #20: identifier "u8" is undefined
compiling usart2.c...
usart2.c(21): error:  #20: identifier "vu8" is undefined
usart2.c(22): error:  #20: identifier "vu8" is undefined
usart2.c(23): error:  #20: identifier "vu16" is undefined
usart2.c(39): error:  #20: identifier "RCC_APB2Periph_GPIOA" is undefined
usart2.c(45): error:  #20: identifier "GPIO_Mode_AF_PP" is undefined
usart2.c(46): error:  #20: identifier "GPIO_Speed_50MHz" is undefined
usart2.c(51): error:  #20: identifier "GPIO_Mode_IN_FLOATING" is undefined
usart2.c(182): error:  #20: identifier "u8" is undefined
Target not created
Build target 'USART-test'
compiling usart1.c...
usart1.c(37): error:  #20: identifier "RCC_APB2Periph_GPIOB" is undefined
usart1.c(42): error:  #20: identifier "GPIO_Mode_AF_PP" is undefined
usart1.c(43): error:  #20: identifier "GPIO_Speed_50MHz" is undefined
usart1.c(47): error:  #20: identifier "GPIO_Mode_IN_FLOATING" is undefined
usart1.c(177): error:  #20: identifier "u8" is undefined
compiling usart2.c...
usart2.c(21): error:  #20: identifier "vu8" is undefined
usart2.c(22): error:  #20: identifier "vu8" is undefined
usart2.c(23): error:  #20: identifier "vu16" is undefined
usart2.c(39): error:  #20: identifier "RCC_APB2Periph_GPIOA" is undefined
usart2.c(45): error:  #20: identifier "GPIO_Mode_AF_PP" is undefined
usart2.c(46): error:  #20: identifier "GPIO_Speed_50MHz" is undefined
usart2.c(51): error:  #20: identifier "GPIO_Mode_IN_FLOATING" is undefined
usart2.c(182): error:  #20: identifier "u8" is undefined
Target not created
Rebuild target 'USART-test'
assembling startup_stm32l1xx_md.s...
compiling system_stm32l1xx.c...
compiling stm32l1xx_gpio.c...
compiling stm32l1xx_rcc.c...
compiling stm32l1xx_usart.c...
compiling main.c...
main.c(33): warning:  #177-D: variable "i" was declared but never referenced
compiling usart1.c...
usart1.c(37): error:  #20: identifier "RCC_APB2Periph_GPIOB" is undefined
usart1.c(42): error:  #20: identifier "GPIO_Mode_AF_PP" is undefined
usart1.c(43): error:  #20: identifier "GPIO_Speed_50MHz" is undefined
usart1.c(47): error:  #20: identifier "GPIO_Mode_IN_FLOATING" is undefined
usart1.c(177): error:  #20: identifier "u8" is undefined
compiling usart2.c...
usart2.c(21): error:  #20: identifier "vu8" is undefined
usart2.c(22): error:  #20: identifier "vu8" is undefined
usart2.c(23): error:  #20: identifier "vu16" is undefined
usart2.c(39): error:  #20: identifier "RCC_APB2Periph_GPIOA" is undefined
usart2.c(45): error:  #20: identifier "GPIO_Mode_AF_PP" is undefined
usart2.c(46): error:  #20: identifier "GPIO_Speed_50MHz" is undefined
usart2.c(51): error:  #20: identifier "GPIO_Mode_IN_FLOATING" is undefined
usart2.c(182): error:  #20: identifier "u8" is undefined
Target not created
Rebuild target 'USART-test'
assembling startup_stm32l1xx_md.s...
compiling system_stm32l1xx.c...
compiling stm32l1xx_gpio.c...
compiling stm32l1xx_rcc.c...
compiling stm32l1xx_usart.c...
compiling main.c...
main.c(33): warning:  #177-D: variable "i" was declared but never referenced
compiling usart1.c...
usart1.c(37): error:  #20: identifier "RCC_APB2Periph_GPIOB" is undefined
usart1.c(42): error:  #20: identifier "GPIO_Mode_AF_PP" is undefined
usart1.c(43): error:  #20: identifier "GPIO_Speed_50MHz" is undefined
usart1.c(47): error:  #20: identifier "GPIO_Mode_IN_FLOATING" is undefined
usart1.c(177): error:  #20: identifier "u8" is undefined
compiling usart2.c...
usart2.c(21): error:  #20: identifier "vu8" is undefined
usart2.c(22): error:  #20: identifier "vu8" is undefined
usart2.c(23): error:  #20: identifier "vu16" is undefined
usart2.c(39): error:  #20: identifier "RCC_APB2Periph_GPIOA" is undefined
usart2.c(45): error:  #20: identifier "GPIO_Mode_AF_PP" is undefined
usart2.c(46): error:  #20: identifier "GPIO_Speed_50MHz" is undefined
usart2.c(51): error:  #20: identifier "GPIO_Mode_IN_FLOATING" is undefined
usart2.c(182): error:  #20: identifier "u8" is undefined
Target not created
Rebuild target 'USART-test'
assembling startup_stm32l1xx_md.s...
compiling system_stm32l1xx.c...
compiling stm32l1xx_gpio.c...
compiling stm32l1xx_rcc.c...
compiling stm32l1xx_usart.c...
compiling main.c...
main.c(33): warning:  #177-D: variable "i" was declared but never referenced
compiling usart1.c...
usart1.c(37): error:  #20: identifier "RCC_APB2Periph_GPIOB" is undefined
usart1.c(42): error:  #20: identifier "GPIO_Mode_AF_PP" is undefined
usart1.c(43): error:  #20: identifier "GPIO_Speed_50MHz" is undefined
usart1.c(47): error:  #20: identifier "GPIO_Mode_IN_FLOATING" is undefined
usart1.c(177): error:  #20: identifier "u8" is undefined
compiling usart2.c...
usart2.c(21): error:  #20: identifier "vu8" is undefined
usart2.c(22): error:  #20: identifier "vu8" is undefined
usart2.c(23): error:  #20: identifier "vu16" is undefined
usart2.c(39): error:  #20: identifier "RCC_APB2Periph_GPIOA" is undefined
usart2.c(45): error:  #20: identifier "GPIO_Mode_AF_PP" is undefined
usart2.c(46): error:  #20: identifier "GPIO_Speed_50MHz" is undefined
usart2.c(51): error:  #20: identifier "GPIO_Mode_IN_FLOATING" is undefined
usart2.c(182): error:  #20: identifier "u8" is undefined
compiling stm32l1xx_it.c...
stm32l1xx_it.c(169): warning:  #223-D: function "STM_EVAL_LEDOn" declared implicitly
stm32l1xx_it.c(169): error:  #20: identifier "LED1" is undefined
stm32l1xx_it.c(173): warning:  #223-D: function "STM_EVAL_LEDOff" declared implicitly
Target not created
Rebuild target 'USART-test'
assembling startup_stm32l1xx_md.s...
assembling startup_stm32l1xx_hd.s...
compiling system_stm32l1xx.c...
compiling stm32l1xx_gpio.c...
compiling stm32l1xx_rcc.c...
compiling stm32l1xx_usart.c...
compiling main.c...
main.c(33): warning:  #177-D: variable "i" was declared but never referenced
compiling usart1.c...
usart1.c(37): error:  #20: identifier "RCC_APB2Periph_GPIOB" is undefined
usart1.c(42): error:  #20: identifier "GPIO_Mode_AF_PP" is undefined
usart1.c(43): error:  #20: identifier "GPIO_Speed_50MHz" is undefined
usart1.c(47): error:  #20: identifier "GPIO_Mode_IN_FLOATING" is undefined
usart1.c(177): error:  #20: identifier "u8" is undefined
compiling usart2.c...
usart2.c(21): error:  #20: identifier "vu8" is undefined
usart2.c(22): error:  #20: identifier "vu8" is undefined
usart2.c(23): error:  #20: identifier "vu16" is undefined
usart2.c(39): error:  #20: identifier "RCC_APB2Periph_GPIOA" is undefined
usart2.c(45): error:  #20: identifier "GPIO_Mode_AF_PP" is undefined
usart2.c(46): error:  #20: identifier "GPIO_Speed_50MHz" is undefined
usart2.c(51): error:  #20: identifier "GPIO_Mode_IN_FLOATING" is undefined
usart2.c(182): error:  #20: identifier "u8" is undefined
compiling stm32l1xx_it.c...
stm32l1xx_it.c(169): warning:  #223-D: function "STM_EVAL_LEDOn" declared implicitly
stm32l1xx_it.c(169): error:  #20: identifier "LED1" is undefined
stm32l1xx_it.c(173): warning:  #223-D: function "STM_EVAL_LEDOff" declared implicitly
Target not created
Rebuild target 'USART-test'
assembling startup_stm32l1xx_hd.s...
compiling system_stm32l1xx.c...
compiling stm32l1xx_gpio.c...
compiling stm32l1xx_rcc.c...
compiling stm32l1xx_usart.c...
compiling main.c...
main.c(33): warning:  #177-D: variable "i" was declared but never referenced
compiling usart1.c...
usart1.c(37): error:  #20: identifier "RCC_APB2Periph_GPIOB" is undefined
usart1.c(42): error:  #20: identifier "GPIO_Mode_AF_PP" is undefined
usart1.c(43): error:  #20: identifier "GPIO_Speed_50MHz" is undefined
usart1.c(47): error:  #20: identifier "GPIO_Mode_IN_FLOATING" is undefined
usart1.c(177): error:  #20: identifier "u8" is undefined
compiling usart2.c...
usart2.c(21): error:  #20: identifier "vu8" is undefined
usart2.c(22): error:  #20: identifier "vu8" is undefined
usart2.c(23): error:  #20: identifier "vu16" is undefined
usart2.c(39): error:  #20: identifier "RCC_APB2Periph_GPIOA" is undefined
usart2.c(45): error:  #20: identifier "GPIO_Mode_AF_PP" is undefined
usart2.c(46): error:  #20: identifier "GPIO_Speed_50MHz" is undefined
usart2.c(51): error:  #20: identifier "GPIO_Mode_IN_FLOATING" is undefined
usart2.c(182): error:  #20: identifier "u8" is undefined
compiling stm32l1xx_it.c...
stm32l1xx_it.c(169): warning:  #223-D: function "STM_EVAL_LEDOn" declared implicitly
stm32l1xx_it.c(169): error:  #20: identifier "LED1" is undefined
stm32l1xx_it.c(173): warning:  #223-D: function "STM_EVAL_LEDOff" declared implicitly
Target not created
Rebuild target 'USART-test'
assembling startup_stm32l1xx_hd.s...
compiling system_stm32l1xx.c...
compiling core_cm3.c...
compiling stm32l1xx_gpio.c...
compiling stm32l1xx_rcc.c...
compiling stm32l1xx_usart.c...
compiling main.c...
main.c(33): warning:  #177-D: variable "i" was declared but never referenced
compiling usart1.c...
usart1.c(37): error:  #20: identifier "RCC_APB2Periph_GPIOB" is undefined
usart1.c(42): error:  #20: identifier "GPIO_Mode_AF_PP" is undefined
usart1.c(43): error:  #20: identifier "GPIO_Speed_50MHz" is undefined
usart1.c(47): error:  #20: identifier "GPIO_Mode_IN_FLOATING" is undefined
usart1.c(177): error:  #20: identifier "u8" is undefined
compiling usart2.c...
usart2.c(21): error:  #20: identifier "vu8" is undefined
usart2.c(22): error:  #20: identifier "vu8" is undefined
usart2.c(23): error:  #20: identifier "vu16" is undefined
usart2.c(39): error:  #20: identifier "RCC_APB2Periph_GPIOA" is undefined
usart2.c(45): error:  #20: identifier "GPIO_Mode_AF_PP" is undefined
usart2.c(46): error:  #20: identifier "GPIO_Speed_50MHz" is undefined
usart2.c(51): error:  #20: identifier "GPIO_Mode_IN_FLOATING" is undefined
usart2.c(182): error:  #20: identifier "u8" is undefined
compiling stm32l1xx_it.c...
stm32l1xx_it.c(169): warning:  #223-D: function "STM_EVAL_LEDOn" declared implicitly
stm32l1xx_it.c(169): error:  #20: identifier "LED1" is undefined
stm32l1xx_it.c(173): warning:  #223-D: function "STM_EVAL_LEDOff" declared implicitly
Target not created
Rebuild target 'USART-test'
assembling startup_stm32l1xx_hd.s...
compiling system_stm32l1xx.c...
compiling stm32l1xx_gpio.c...
compiling stm32l1xx_rcc.c...
compiling stm32l1xx_usart.c...
compiling main.c...
main.c(33): warning:  #177-D: variable "i" was declared but never referenced
compiling usart1.c...
usart1.c(37): error:  #20: identifier "RCC_APB2Periph_GPIOB" is undefined
usart1.c(42): error:  #20: identifier "GPIO_Mode_AF_PP" is undefined
usart1.c(43): error:  #20: identifier "GPIO_Speed_50MHz" is undefined
usart1.c(47): error:  #20: identifier "GPIO_Mode_IN_FLOATING" is undefined
usart1.c(177): error:  #20: identifier "u8" is undefined
compiling usart2.c...
usart2.c(21): error:  #20: identifier "vu8" is undefined
usart2.c(22): error:  #20: identifier "vu8" is undefined
usart2.c(23): error:  #20: identifier "vu16" is undefined
usart2.c(39): error:  #20: identifier "RCC_APB2Periph_GPIOA" is undefined
usart2.c(45): error:  #20: identifier "GPIO_Mode_AF_PP" is undefined
usart2.c(46): error:  #20: identifier "GPIO_Speed_50MHz" is undefined
usart2.c(51): error:  #20: identifier "GPIO_Mode_IN_FLOATING" is undefined
usart2.c(182): error:  #20: identifier "u8" is undefined
compiling stm32l1xx_it.c...
stm32l1xx_it.c(169): warning:  #223-D: function "STM_EVAL_LEDOn" declared implicitly
stm32l1xx_it.c(169): error:  #20: identifier "LED1" is undefined
stm32l1xx_it.c(173): warning:  #223-D: function "STM_EVAL_LEDOff" declared implicitly
Target not created
Rebuild target 'USART-test'
assembling startup_stm32l1xx_hd.s...
compiling system_stm32l1xx.c...
compiling stm32l1xx_gpio.c...
compiling stm32l1xx_rcc.c...
compiling stm32l1xx_usart.c...
compiling main.c...
main.c(33): warning:  #177-D: variable "i" was declared but never referenced
compiling usart1.c...
usart1.c(37): error:  #20: identifier "RCC_APB2Periph_GPIOB" is undefined
usart1.c(42): error:  #20: identifier "GPIO_Mode_AF_PP" is undefined
usart1.c(43): error:  #20: identifier "GPIO_Speed_50MHz" is undefined
usart1.c(47): error:  #20: identifier "GPIO_Mode_IN_FLOATING" is undefined
usart1.c(177): error:  #20: identifier "u8" is undefined
compiling usart2.c...
usart2.c(21): error:  #20: identifier "vu8" is undefined
usart2.c(22): error:  #20: identifier "vu8" is undefined
usart2.c(23): error:  #20: identifier "vu16" is undefined
usart2.c(39): error:  #20: identifier "RCC_APB2Periph_GPIOA" is undefined
usart2.c(45): error:  #20: identifier "GPIO_Mode_AF_PP" is undefined
usart2.c(46): error:  #20: identifier "GPIO_Speed_50MHz" is undefined
usart2.c(51): error:  #20: identifier "GPIO_Mode_IN_FLOATING" is undefined
usart2.c(182): error:  #20: identifier "u8" is undefined
compiling stm32l1xx_it.c...
stm32l1xx_it.c(169): warning:  #223-D: function "STM_EVAL_LEDOn" declared implicitly
stm32l1xx_it.c(169): error:  #20: identifier "LED1" is undefined
stm32l1xx_it.c(173): warning:  #223-D: function "STM_EVAL_LEDOff" declared implicitly
Target not created
Rebuild target 'USART-test'
assembling startup_stm32l1xx_hd.s...
compiling system_stm32l1xx.c...
compiling stm32l1xx_gpio.c...
compiling stm32l1xx_rcc.c...
compiling stm32l1xx_usart.c...
compiling main.c...
main.c(33): warning:  #177-D: variable "i" was declared but never referenced
compiling usart1.c...
usart1.c(37): error:  #20: identifier "RCC_APB2Periph_GPIOB" is undefined
usart1.c(42): error:  #20: identifier "GPIO_Mode_AF_PP" is undefined
usart1.c(43): error:  #20: identifier "GPIO_Speed_50MHz" is undefined
usart1.c(47): error:  #20: identifier "GPIO_Mode_IN_FLOATING" is undefined
usart1.c(177): error:  #20: identifier "u8" is undefined
compiling usart2.c...
usart2.c(21): error:  #20: identifier "vu8" is undefined
usart2.c(22): error:  #20: identifier "vu8" is undefined
usart2.c(23): error:  #20: identifier "vu16" is undefined
usart2.c(39): error:  #20: identifier "RCC_APB2Periph_GPIOA" is undefined
usart2.c(45): error:  #20: identifier "GPIO_Mode_AF_PP" is undefined
usart2.c(46): error:  #20: identifier "GPIO_Speed_50MHz" is undefined
usart2.c(51): error:  #20: identifier "GPIO_Mode_IN_FLOATING" is undefined
usart2.c(182): error:  #20: identifier "u8" is undefined
compiling stm32l1xx_it.c...
stm32l1xx_it.c(169): warning:  #223-D: function "STM_EVAL_LEDOn" declared implicitly
stm32l1xx_it.c(169): error:  #20: identifier "LED1" is undefined
stm32l1xx_it.c(173): warning:  #223-D: function "STM_EVAL_LEDOff" declared implicitly
Target not created
Rebuild target 'USART-test'
assembling startup_stm32l1xx_hd.s...
compiling main.c...
main.c(33): warning:  #177-D: variable "i" was declared but never referenced
compiling usart1.c...
usart1.c(37): error:  #20: identifier "RCC_APB2Periph_GPIOB" is undefined
usart1.c(42): error:  #20: identifier "GPIO_Mode_AF_PP" is undefined
usart1.c(43): error:  #20: identifier "GPIO_Speed_50MHz" is undefined
usart1.c(47): error:  #20: identifier "GPIO_Mode_IN_FLOATING" is undefined
usart1.c(177): error:  #20: identifier "u8" is undefined
compiling usart2.c...
usart2.c(21): error:  #20: identifier "vu8" is undefined
usart2.c(22): error:  #20: identifier "vu8" is undefined
usart2.c(23): error:  #20: identifier "vu16" is undefined
usart2.c(39): error:  #20: identifier "RCC_APB2Periph_GPIOA" is undefined
usart2.c(45): error:  #20: identifier "GPIO_Mode_AF_PP" is undefined
usart2.c(46): error:  #20: identifier "GPIO_Speed_50MHz" is undefined
usart2.c(51): error:  #20: identifier "GPIO_Mode_IN_FLOATING" is undefined
usart2.c(182): error:  #20: identifier "u8" is undefined
compiling stm32l1xx_it.c...
stm32l1xx_it.c(169): warning:  #223-D: function "STM_EVAL_LEDOn" declared implicitly
stm32l1xx_it.c(169): error:  #20: identifier "LED1" is undefined
stm32l1xx_it.c(173): warning:  #223-D: function "STM_EVAL_LEDOff" declared implicitly
compiling stm32l1xx_gpio.c...
compiling stm32l1xx_rcc.c...
compiling stm32l1xx_usart.c...
compiling system_stm32l1xx.c...
compiling core_cm3.c...
Target not created
Rebuild target 'USART-test'
assembling startup_stm32l1xx_hd.s...
compiling main.c...
main.c(33): warning:  #177-D: variable "i" was declared but never referenced
compiling usart1.c...
usart1.c(37): error:  #20: identifier "RCC_APB2Periph_GPIOB" is undefined
usart1.c(42): error:  #20: identifier "GPIO_Mode_AF_PP" is undefined
usart1.c(43): error:  #20: identifier "GPIO_Speed_50MHz" is undefined
usart1.c(47): error:  #20: identifier "GPIO_Mode_IN_FLOATING" is undefined
usart1.c(177): error:  #20: identifier "u8" is undefined
compiling usart2.c...
usart2.c(21): error:  #20: identifier "vu8" is undefined
usart2.c(22): error:  #20: identifier "vu8" is undefined
usart2.c(23): error:  #20: identifier "vu16" is undefined
usart2.c(39): error:  #20: identifier "RCC_APB2Periph_GPIOA" is undefined
usart2.c(45): error:  #20: identifier "GPIO_Mode_AF_PP" is undefined
usart2.c(46): error:  #20: identifier "GPIO_Speed_50MHz" is undefined
usart2.c(51): error:  #20: identifier "GPIO_Mode_IN_FLOATING" is undefined
usart2.c(182): error:  #20: identifier "u8" is undefined
compiling stm32l1xx_it.c...
stm32l1xx_it.c(169): warning:  #223-D: function "STM_EVAL_LEDOn" declared implicitly
stm32l1xx_it.c(169): error:  #20: identifier "LED1" is undefined
stm32l1xx_it.c(173): warning:  #223-D: function "STM_EVAL_LEDOff" declared implicitly
compiling stm32l1xx_gpio.c...
compiling stm32l1xx_rcc.c...
compiling stm32l1xx_usart.c...
compiling system_stm32l1xx.c...
compiling core_cm3.c...
Target not created
Rebuild target 'USART-test'
assembling startup_stm32l1xx_hd.s...
compiling main.c...
main.c(33): warning:  #177-D: variable "i" was declared but never referenced
compiling usart1.c...
usart1.c(37): error:  #20: identifier "RCC_APB2Periph_GPIOB" is undefined
usart1.c(42): error:  #20: identifier "GPIO_Mode_AF_PP" is undefined
usart1.c(43): error:  #20: identifier "GPIO_Speed_50MHz" is undefined
usart1.c(47): error:  #20: identifier "GPIO_Mode_IN_FLOATING" is undefined
usart1.c(177): error:  #20: identifier "u8" is undefined
compiling usart2.c...
usart2.c(21): error:  #20: identifier "vu8" is undefined
usart2.c(22): error:  #20: identifier "vu8" is undefined
usart2.c(23): error:  #20: identifier "vu16" is undefined
usart2.c(39): error:  #20: identifier "RCC_APB2Periph_GPIOA" is undefined
usart2.c(45): error:  #20: identifier "GPIO_Mode_AF_PP" is undefined
usart2.c(46): error:  #20: identifier "GPIO_Speed_50MHz" is undefined
usart2.c(51): error:  #20: identifier "GPIO_Mode_IN_FLOATING" is undefined
usart2.c(182): error:  #20: identifier "u8" is undefined
compiling stm32l1xx_it.c...
stm32l1xx_it.c(169): warning:  #223-D: function "STM_EVAL_LEDOn" declared implicitly
stm32l1xx_it.c(169): error:  #20: identifier "LED1" is undefined
stm32l1xx_it.c(173): warning:  #223-D: function "STM_EVAL_LEDOff" declared implicitly
compiling stm32l1xx_gpio.c...
compiling stm32l1xx_rcc.c...
compiling stm32l1xx_usart.c...
compiling system_stm32l1xx.c...
compiling core_cm3.c...
Target not created
Rebuild target 'USART-test'
assembling startup_stm32l1xx_hd.s...
compiling main.c...
main.c(33): warning:  #177-D: variable "i" was declared but never referenced
compiling usart1.c...
usart1.c(37): error:  #20: identifier "RCC_APB2Periph_GPIOB" is undefined
usart1.c(42): error:  #20: identifier "GPIO_Mode_AF_PP" is undefined
usart1.c(43): error:  #20: identifier "GPIO_Speed_50MHz" is undefined
usart1.c(47): error:  #20: identifier "GPIO_Mode_IN_FLOATING" is undefined
usart1.c(177): error:  #20: identifier "u8" is undefined
compiling usart2.c...
usart2.c(21): error:  #20: identifier "vu8" is undefined
usart2.c(22): error:  #20: identifier "vu8" is undefined
usart2.c(23): error:  #20: identifier "vu16" is undefined
usart2.c(39): error:  #20: identifier "RCC_APB2Periph_GPIOA" is undefined
usart2.c(45): error:  #20: identifier "GPIO_Mode_AF_PP" is undefined
usart2.c(46): error:  #20: identifier "GPIO_Speed_50MHz" is undefined
usart2.c(51): error:  #20: identifier "GPIO_Mode_IN_FLOATING" is undefined
usart2.c(182): error:  #20: identifier "u8" is undefined
compiling stm32l1xx_it.c...
stm32l1xx_it.c(169): warning:  #223-D: function "STM_EVAL_LEDOn" declared implicitly
stm32l1xx_it.c(169): error:  #20: identifier "LED1" is undefined
stm32l1xx_it.c(173): warning:  #223-D: function "STM_EVAL_LEDOff" declared implicitly
compiling stm32l1xx_gpio.c...
compiling stm32l1xx_rcc.c...
compiling stm32l1xx_usart.c...
compiling system_stm32l1xx.c...
compiling core_cm3.c...
Target not created
Rebuild target 'USART-test'
assembling startup_stm32l1xx_hd.s...
compiling main.c...
main.c(33): warning:  #177-D: variable "i" was declared but never referenced
compiling usart1.c...
usart1.c(37): error:  #20: identifier "RCC_APB2Periph_GPIOB" is undefined
usart1.c(42): error:  #20: identifier "GPIO_Mode_AF_PP" is undefined
usart1.c(43): error:  #20: identifier "GPIO_Speed_50MHz" is undefined
usart1.c(47): error:  #20: identifier "GPIO_Mode_IN_FLOATING" is undefined
usart1.c(177): error:  #20: identifier "u8" is undefined
compiling usart2.c...
usart2.c(21): error:  #20: identifier "vu8" is undefined
usart2.c(22): error:  #20: identifier "vu8" is undefined
usart2.c(23): error:  #20: identifier "vu16" is undefined
usart2.c(39): error:  #20: identifier "RCC_APB2Periph_GPIOA" is undefined
usart2.c(45): error:  #20: identifier "GPIO_Mode_AF_PP" is undefined
usart2.c(46): error:  #20: identifier "GPIO_Speed_50MHz" is undefined
usart2.c(51): error:  #20: identifier "GPIO_Mode_IN_FLOATING" is undefined
usart2.c(182): error:  #20: identifier "u8" is undefined
compiling stm32l1xx_it.c...
stm32l1xx_it.c(169): warning:  #223-D: function "STM_EVAL_LEDOn" declared implicitly
stm32l1xx_it.c(169): error:  #20: identifier "LED1" is undefined
stm32l1xx_it.c(173): warning:  #223-D: function "STM_EVAL_LEDOff" declared implicitly
compiling stm32l1xx_gpio.c...
compiling stm32l1xx_rcc.c...
compiling stm32l1xx_usart.c...
compiling system_stm32l1xx.c...
compiling core_cm3.c...
Target not created
